[00:02:19] [AutoSaveWorld AutoSaveThread/INFO]: [0;34;1mAutoSaving[m
[00:02:20] [AutoSaveWorld AutoSaveThread/ERROR]: [AutoSaveWorld] Could not dump RegionFileCache
java.lang.RuntimeException: Can't find method saveLevel with params length 0
	at autosaveworld.utils.ReflectionUtils.getMethod(ReflectionUtils.java:49) ~[AutoSaveWorld.jar:?]
	at autosaveworld.features.save.AutoSaveThread.dumpRegionCache(AutoSaveThread.java:135) [AutoSaveWorld.jar:?]
	at autosaveworld.features.save.AutoSaveThread.performSave(AutoSaveThread.java:122) [AutoSaveWorld.jar:?]
	at autosaveworld.features.save.AutoSaveThread.doTask(AutoSaveThread.java:70) [AutoSaveWorld.jar:?]
	at autosaveworld.utils.Threads$IntervalTaskThread.run(Threads.java:103) [AutoSaveWorld.jar:?]
[00:02:20] [AutoSaveWorld AutoSaveThread/ERROR]: [AutoSaveWorld] Could not dump RegionFileCache
java.lang.RuntimeException: Can't find method saveLevel with params length 0
	at autosaveworld.utils.ReflectionUtils.getMethod(ReflectionUtils.java:49) ~[AutoSaveWorld.jar:?]
	at autosaveworld.features.save.AutoSaveThread.dumpRegionCache(AutoSaveThread.java:135) [AutoSaveWorld.jar:?]
	at autosaveworld.features.save.AutoSaveThread.performSave(AutoSaveThread.java:122) [AutoSaveWorld.jar:?]
	at autosaveworld.features.save.AutoSaveThread.doTask(AutoSaveThread.java:70) [AutoSaveWorld.jar:?]
	at autosaveworld.utils.Threads$IntervalTaskThread.run(Threads.java:103) [AutoSaveWorld.jar:?]
[00:02:20] [AutoSaveWorld AutoSaveThread/ERROR]: [AutoSaveWorld] Could not dump RegionFileCache
java.lang.RuntimeException: Can't find method saveLevel with params length 0
	at autosaveworld.utils.ReflectionUtils.getMethod(ReflectionUtils.java:49) ~[AutoSaveWorld.jar:?]
	at autosaveworld.features.save.AutoSaveThread.dumpRegionCache(AutoSaveThread.java:135) [AutoSaveWorld.jar:?]
	at autosaveworld.features.save.AutoSaveThread.performSave(AutoSaveThread.java:122) [AutoSaveWorld.jar:?]
	at autosaveworld.features.save.AutoSaveThread.doTask(AutoSaveThread.java:70) [AutoSaveWorld.jar:?]
	at autosaveworld.utils.Threads$IntervalTaskThread.run(Threads.java:103) [AutoSaveWorld.jar:?]
[00:02:20] [AutoSaveWorld AutoSaveThread/INFO]: [0;34;1mAutoSave Complete[m
[00:17:21] [AutoSaveWorld AutoSaveThread/INFO]: [0;34;1mAutoSaving[m
[00:17:21] [AutoSaveWorld AutoSaveThread/ERROR]: [AutoSaveWorld] Could not dump RegionFileCache
java.lang.RuntimeException: Can't find method saveLevel with params length 0
	at autosaveworld.utils.ReflectionUtils.getMethod(ReflectionUtils.java:49) ~[AutoSaveWorld.jar:?]
	at autosaveworld.features.save.AutoSaveThread.dumpRegionCache(AutoSaveThread.java:135) [AutoSaveWorld.jar:?]
	at autosaveworld.features.save.AutoSaveThread.performSave(AutoSaveThread.java:122) [AutoSaveWorld.jar:?]
	at autosaveworld.features.save.AutoSaveThread.doTask(AutoSaveThread.java:70) [AutoSaveWorld.jar:?]
	at autosaveworld.utils.Threads$IntervalTaskThread.run(Threads.java:103) [AutoSaveWorld.jar:?]
[00:17:21] [AutoSaveWorld AutoSaveThread/ERROR]: [AutoSaveWorld] Could not dump RegionFileCache
java.lang.RuntimeException: Can't find method saveLevel with params length 0
	at autosaveworld.utils.ReflectionUtils.getMethod(ReflectionUtils.java:49) ~[AutoSaveWorld.jar:?]
	at autosaveworld.features.save.AutoSaveThread.dumpRegionCache(AutoSaveThread.java:135) [AutoSaveWorld.jar:?]
	at autosaveworld.features.save.AutoSaveThread.performSave(AutoSaveThread.java:122) [AutoSaveWorld.jar:?]
	at autosaveworld.features.save.AutoSaveThread.doTask(AutoSaveThread.java:70) [AutoSaveWorld.jar:?]
	at autosaveworld.utils.Threads$IntervalTaskThread.run(Threads.java:103) [AutoSaveWorld.jar:?]
[00:17:21] [AutoSaveWorld AutoSaveThread/ERROR]: [AutoSaveWorld] Could not dump RegionFileCache
java.lang.RuntimeException: Can't find method saveLevel with params length 0
	at autosaveworld.utils.ReflectionUtils.getMethod(ReflectionUtils.java:49) ~[AutoSaveWorld.jar:?]
	at autosaveworld.features.save.AutoSaveThread.dumpRegionCache(AutoSaveThread.java:135) [AutoSaveWorld.jar:?]
	at autosaveworld.features.save.AutoSaveThread.performSave(AutoSaveThread.java:122) [AutoSaveWorld.jar:?]
	at autosaveworld.features.save.AutoSaveThread.doTask(AutoSaveThread.java:70) [AutoSaveWorld.jar:?]
	at autosaveworld.utils.Threads$IntervalTaskThread.run(Threads.java:103) [AutoSaveWorld.jar:?]
[00:17:21] [AutoSaveWorld AutoSaveThread/INFO]: [0;34;1mAutoSave Complete[m
[00:32:23] [AutoSaveWorld AutoSaveThread/INFO]: [0;34;1mAutoSaving[m
[00:32:23] [AutoSaveWorld AutoSaveThread/ERROR]: [AutoSaveWorld] Could not dump RegionFileCache
java.lang.RuntimeException: Can't find method saveLevel with params length 0
	at autosaveworld.utils.ReflectionUtils.getMethod(ReflectionUtils.java:49) ~[AutoSaveWorld.jar:?]
	at autosaveworld.features.save.AutoSaveThread.dumpRegionCache(AutoSaveThread.java:135) [AutoSaveWorld.jar:?]
	at autosaveworld.features.save.AutoSaveThread.performSave(AutoSaveThread.java:122) [AutoSaveWorld.jar:?]
	at autosaveworld.features.save.AutoSaveThread.doTask(AutoSaveThread.java:70) [AutoSaveWorld.jar:?]
	at autosaveworld.utils.Threads$IntervalTaskThread.run(Threads.java:103) [AutoSaveWorld.jar:?]
[00:32:23] [AutoSaveWorld AutoSaveThread/ERROR]: [AutoSaveWorld] Could not dump RegionFileCache
java.lang.RuntimeException: Can't find method saveLevel with params length 0
	at autosaveworld.utils.ReflectionUtils.getMethod(ReflectionUtils.java:49) ~[AutoSaveWorld.jar:?]
	at autosaveworld.features.save.AutoSaveThread.dumpRegionCache(AutoSaveThread.java:135) [AutoSaveWorld.jar:?]
	at autosaveworld.features.save.AutoSaveThread.performSave(AutoSaveThread.java:122) [AutoSaveWorld.jar:?]
	at autosaveworld.features.save.AutoSaveThread.doTask(AutoSaveThread.java:70) [AutoSaveWorld.jar:?]
	at autosaveworld.utils.Threads$IntervalTaskThread.run(Threads.java:103) [AutoSaveWorld.jar:?]
[00:32:23] [AutoSaveWorld AutoSaveThread/ERROR]: [AutoSaveWorld] Could not dump RegionFileCache
java.lang.RuntimeException: Can't find method saveLevel with params length 0
	at autosaveworld.utils.ReflectionUtils.getMethod(ReflectionUtils.java:49) ~[AutoSaveWorld.jar:?]
	at autosaveworld.features.save.AutoSaveThread.dumpRegionCache(AutoSaveThread.java:135) [AutoSaveWorld.jar:?]
	at autosaveworld.features.save.AutoSaveThread.performSave(AutoSaveThread.java:122) [AutoSaveWorld.jar:?]
	at autosaveworld.features.save.AutoSaveThread.doTask(AutoSaveThread.java:70) [AutoSaveWorld.jar:?]
	at autosaveworld.utils.Threads$IntervalTaskThread.run(Threads.java:103) [AutoSaveWorld.jar:?]
[00:32:23] [AutoSaveWorld AutoSaveThread/INFO]: [0;34;1mAutoSave Complete[m
[00:47:24] [AutoSaveWorld AutoSaveThread/INFO]: [0;34;1mAutoSaving[m
[00:47:25] [AutoSaveWorld AutoSaveThread/ERROR]: [AutoSaveWorld] Could not dump RegionFileCache
java.lang.RuntimeException: Can't find method saveLevel with params length 0
	at autosaveworld.utils.ReflectionUtils.getMethod(ReflectionUtils.java:49) ~[AutoSaveWorld.jar:?]
	at autosaveworld.features.save.AutoSaveThread.dumpRegionCache(AutoSaveThread.java:135) [AutoSaveWorld.jar:?]
	at autosaveworld.features.save.AutoSaveThread.performSave(AutoSaveThread.java:122) [AutoSaveWorld.jar:?]
	at autosaveworld.features.save.AutoSaveThread.doTask(AutoSaveThread.java:70) [AutoSaveWorld.jar:?]
	at autosaveworld.utils.Threads$IntervalTaskThread.run(Threads.java:103) [AutoSaveWorld.jar:?]
[00:47:25] [AutoSaveWorld AutoSaveThread/ERROR]: [AutoSaveWorld] Could not dump RegionFileCache
java.lang.RuntimeException: Can't find method saveLevel with params length 0
	at autosaveworld.utils.ReflectionUtils.getMethod(ReflectionUtils.java:49) ~[AutoSaveWorld.jar:?]
	at autosaveworld.features.save.AutoSaveThread.dumpRegionCache(AutoSaveThread.java:135) [AutoSaveWorld.jar:?]
	at autosaveworld.features.save.AutoSaveThread.performSave(AutoSaveThread.java:122) [AutoSaveWorld.jar:?]
	at autosaveworld.features.save.AutoSaveThread.doTask(AutoSaveThread.java:70) [AutoSaveWorld.jar:?]
	at autosaveworld.utils.Threads$IntervalTaskThread.run(Threads.java:103) [AutoSaveWorld.jar:?]
[00:47:25] [AutoSaveWorld AutoSaveThread/ERROR]: [AutoSaveWorld] Could not dump RegionFileCache
java.lang.RuntimeException: Can't find method saveLevel with params length 0
	at autosaveworld.utils.ReflectionUtils.getMethod(ReflectionUtils.java:49) ~[AutoSaveWorld.jar:?]
	at autosaveworld.features.save.AutoSaveThread.dumpRegionCache(AutoSaveThread.java:135) [AutoSaveWorld.jar:?]
	at autosaveworld.features.save.AutoSaveThread.performSave(AutoSaveThread.java:122) [AutoSaveWorld.jar:?]
	at autosaveworld.features.save.AutoSaveThread.doTask(AutoSaveThread.java:70) [AutoSaveWorld.jar:?]
	at autosaveworld.utils.Threads$IntervalTaskThread.run(Threads.java:103) [AutoSaveWorld.jar:?]
[00:47:25] [AutoSaveWorld AutoSaveThread/INFO]: [0;34;1mAutoSave Complete[m
[01:02:26] [AutoSaveWorld AutoSaveThread/INFO]: [0;34;1mAutoSaving[m
[01:02:26] [AutoSaveWorld AutoSaveThread/ERROR]: [AutoSaveWorld] Could not dump RegionFileCache
java.lang.RuntimeException: Can't find method saveLevel with params length 0
	at autosaveworld.utils.ReflectionUtils.getMethod(ReflectionUtils.java:49) ~[AutoSaveWorld.jar:?]
	at autosaveworld.features.save.AutoSaveThread.dumpRegionCache(AutoSaveThread.java:135) [AutoSaveWorld.jar:?]
	at autosaveworld.features.save.AutoSaveThread.performSave(AutoSaveThread.java:122) [AutoSaveWorld.jar:?]
	at autosaveworld.features.save.AutoSaveThread.doTask(AutoSaveThread.java:70) [AutoSaveWorld.jar:?]
	at autosaveworld.utils.Threads$IntervalTaskThread.run(Threads.java:103) [AutoSaveWorld.jar:?]
[01:02:26] [AutoSaveWorld AutoSaveThread/ERROR]: [AutoSaveWorld] Could not dump RegionFileCache
java.lang.RuntimeException: Can't find method saveLevel with params length 0
	at autosaveworld.utils.ReflectionUtils.getMethod(ReflectionUtils.java:49) ~[AutoSaveWorld.jar:?]
	at autosaveworld.features.save.AutoSaveThread.dumpRegionCache(AutoSaveThread.java:135) [AutoSaveWorld.jar:?]
	at autosaveworld.features.save.AutoSaveThread.performSave(AutoSaveThread.java:122) [AutoSaveWorld.jar:?]
	at autosaveworld.features.save.AutoSaveThread.doTask(AutoSaveThread.java:70) [AutoSaveWorld.jar:?]
	at autosaveworld.utils.Threads$IntervalTaskThread.run(Threads.java:103) [AutoSaveWorld.jar:?]
[01:02:26] [AutoSaveWorld AutoSaveThread/ERROR]: [AutoSaveWorld] Could not dump RegionFileCache
java.lang.RuntimeException: Can't find method saveLevel with params length 0
	at autosaveworld.utils.ReflectionUtils.getMethod(ReflectionUtils.java:49) ~[AutoSaveWorld.jar:?]
	at autosaveworld.features.save.AutoSaveThread.dumpRegionCache(AutoSaveThread.java:135) [AutoSaveWorld.jar:?]
	at autosaveworld.features.save.AutoSaveThread.performSave(AutoSaveThread.java:122) [AutoSaveWorld.jar:?]
	at autosaveworld.features.save.AutoSaveThread.doTask(AutoSaveThread.java:70) [AutoSaveWorld.jar:?]
	at autosaveworld.utils.Threads$IntervalTaskThread.run(Threads.java:103) [AutoSaveWorld.jar:?]
[01:02:26] [AutoSaveWorld AutoSaveThread/INFO]: [0;34;1mAutoSave Complete[m
[01:17:28] [AutoSaveWorld AutoSaveThread/INFO]: [0;34;1mAutoSaving[m
[01:17:28] [AutoSaveWorld AutoSaveThread/ERROR]: [AutoSaveWorld] Could not dump RegionFileCache
java.lang.RuntimeException: Can't find method saveLevel with params length 0
	at autosaveworld.utils.ReflectionUtils.getMethod(ReflectionUtils.java:49) ~[AutoSaveWorld.jar:?]
	at autosaveworld.features.save.AutoSaveThread.dumpRegionCache(AutoSaveThread.java:135) [AutoSaveWorld.jar:?]
	at autosaveworld.features.save.AutoSaveThread.performSave(AutoSaveThread.java:122) [AutoSaveWorld.jar:?]
	at autosaveworld.features.save.AutoSaveThread.doTask(AutoSaveThread.java:70) [AutoSaveWorld.jar:?]
	at autosaveworld.utils.Threads$IntervalTaskThread.run(Threads.java:103) [AutoSaveWorld.jar:?]
[01:17:28] [AutoSaveWorld AutoSaveThread/ERROR]: [AutoSaveWorld] Could not dump RegionFileCache
java.lang.RuntimeException: Can't find method saveLevel with params length 0
	at autosaveworld.utils.ReflectionUtils.getMethod(ReflectionUtils.java:49) ~[AutoSaveWorld.jar:?]
	at autosaveworld.features.save.AutoSaveThread.dumpRegionCache(AutoSaveThread.java:135) [AutoSaveWorld.jar:?]
	at autosaveworld.features.save.AutoSaveThread.performSave(AutoSaveThread.java:122) [AutoSaveWorld.jar:?]
	at autosaveworld.features.save.AutoSaveThread.doTask(AutoSaveThread.java:70) [AutoSaveWorld.jar:?]
	at autosaveworld.utils.Threads$IntervalTaskThread.run(Threads.java:103) [AutoSaveWorld.jar:?]
[01:17:28] [AutoSaveWorld AutoSaveThread/ERROR]: [AutoSaveWorld] Could not dump RegionFileCache
java.lang.RuntimeException: Can't find method saveLevel with params length 0
	at autosaveworld.utils.ReflectionUtils.getMethod(ReflectionUtils.java:49) ~[AutoSaveWorld.jar:?]
	at autosaveworld.features.save.AutoSaveThread.dumpRegionCache(AutoSaveThread.java:135) [AutoSaveWorld.jar:?]
	at autosaveworld.features.save.AutoSaveThread.performSave(AutoSaveThread.java:122) [AutoSaveWorld.jar:?]
	at autosaveworld.features.save.AutoSaveThread.doTask(AutoSaveThread.java:70) [AutoSaveWorld.jar:?]
	at autosaveworld.utils.Threads$IntervalTaskThread.run(Threads.java:103) [AutoSaveWorld.jar:?]
[01:17:28] [AutoSaveWorld AutoSaveThread/INFO]: [0;34;1mAutoSave Complete[m
[01:32:29] [AutoSaveWorld AutoSaveThread/INFO]: [0;34;1mAutoSaving[m
[01:32:30] [AutoSaveWorld AutoSaveThread/ERROR]: [AutoSaveWorld] Could not dump RegionFileCache
java.lang.RuntimeException: Can't find method saveLevel with params length 0
	at autosaveworld.utils.ReflectionUtils.getMethod(ReflectionUtils.java:49) ~[AutoSaveWorld.jar:?]
	at autosaveworld.features.save.AutoSaveThread.dumpRegionCache(AutoSaveThread.java:135) [AutoSaveWorld.jar:?]
	at autosaveworld.features.save.AutoSaveThread.performSave(AutoSaveThread.java:122) [AutoSaveWorld.jar:?]
	at autosaveworld.features.save.AutoSaveThread.doTask(AutoSaveThread.java:70) [AutoSaveWorld.jar:?]
	at autosaveworld.utils.Threads$IntervalTaskThread.run(Threads.java:103) [AutoSaveWorld.jar:?]
[01:32:30] [AutoSaveWorld AutoSaveThread/ERROR]: [AutoSaveWorld] Could not dump RegionFileCache
java.lang.RuntimeException: Can't find method saveLevel with params length 0
	at autosaveworld.utils.ReflectionUtils.getMethod(ReflectionUtils.java:49) ~[AutoSaveWorld.jar:?]
	at autosaveworld.features.save.AutoSaveThread.dumpRegionCache(AutoSaveThread.java:135) [AutoSaveWorld.jar:?]
	at autosaveworld.features.save.AutoSaveThread.performSave(AutoSaveThread.java:122) [AutoSaveWorld.jar:?]
	at autosaveworld.features.save.AutoSaveThread.doTask(AutoSaveThread.java:70) [AutoSaveWorld.jar:?]
	at autosaveworld.utils.Threads$IntervalTaskThread.run(Threads.java:103) [AutoSaveWorld.jar:?]
[01:32:30] [AutoSaveWorld AutoSaveThread/ERROR]: [AutoSaveWorld] Could not dump RegionFileCache
java.lang.RuntimeException: Can't find method saveLevel with params length 0
	at autosaveworld.utils.ReflectionUtils.getMethod(ReflectionUtils.java:49) ~[AutoSaveWorld.jar:?]
	at autosaveworld.features.save.AutoSaveThread.dumpRegionCache(AutoSaveThread.java:135) [AutoSaveWorld.jar:?]
	at autosaveworld.features.save.AutoSaveThread.performSave(AutoSaveThread.java:122) [AutoSaveWorld.jar:?]
	at autosaveworld.features.save.AutoSaveThread.doTask(AutoSaveThread.java:70) [AutoSaveWorld.jar:?]
	at autosaveworld.utils.Threads$IntervalTaskThread.run(Threads.java:103) [AutoSaveWorld.jar:?]
[01:32:30] [AutoSaveWorld AutoSaveThread/INFO]: [0;34;1mAutoSave Complete[m
[01:47:31] [AutoSaveWorld AutoSaveThread/INFO]: [0;34;1mAutoSaving[m
[01:47:31] [AutoSaveWorld AutoSaveThread/ERROR]: [AutoSaveWorld] Could not dump RegionFileCache
java.lang.RuntimeException: Can't find method saveLevel with params length 0
	at autosaveworld.utils.ReflectionUtils.getMethod(ReflectionUtils.java:49) ~[AutoSaveWorld.jar:?]
	at autosaveworld.features.save.AutoSaveThread.dumpRegionCache(AutoSaveThread.java:135) [AutoSaveWorld.jar:?]
	at autosaveworld.features.save.AutoSaveThread.performSave(AutoSaveThread.java:122) [AutoSaveWorld.jar:?]
	at autosaveworld.features.save.AutoSaveThread.doTask(AutoSaveThread.java:70) [AutoSaveWorld.jar:?]
	at autosaveworld.utils.Threads$IntervalTaskThread.run(Threads.java:103) [AutoSaveWorld.jar:?]
[01:47:31] [AutoSaveWorld AutoSaveThread/ERROR]: [AutoSaveWorld] Could not dump RegionFileCache
java.lang.RuntimeException: Can't find method saveLevel with params length 0
	at autosaveworld.utils.ReflectionUtils.getMethod(ReflectionUtils.java:49) ~[AutoSaveWorld.jar:?]
	at autosaveworld.features.save.AutoSaveThread.dumpRegionCache(AutoSaveThread.java:135) [AutoSaveWorld.jar:?]
	at autosaveworld.features.save.AutoSaveThread.performSave(AutoSaveThread.java:122) [AutoSaveWorld.jar:?]
	at autosaveworld.features.save.AutoSaveThread.doTask(AutoSaveThread.java:70) [AutoSaveWorld.jar:?]
	at autosaveworld.utils.Threads$IntervalTaskThread.run(Threads.java:103) [AutoSaveWorld.jar:?]
[01:47:31] [AutoSaveWorld AutoSaveThread/ERROR]: [AutoSaveWorld] Could not dump RegionFileCache
java.lang.RuntimeException: Can't find method saveLevel with params length 0
	at autosaveworld.utils.ReflectionUtils.getMethod(ReflectionUtils.java:49) ~[AutoSaveWorld.jar:?]
	at autosaveworld.features.save.AutoSaveThread.dumpRegionCache(AutoSaveThread.java:135) [AutoSaveWorld.jar:?]
	at autosaveworld.features.save.AutoSaveThread.performSave(AutoSaveThread.java:122) [AutoSaveWorld.jar:?]
	at autosaveworld.features.save.AutoSaveThread.doTask(AutoSaveThread.java:70) [AutoSaveWorld.jar:?]
	at autosaveworld.utils.Threads$IntervalTaskThread.run(Threads.java:103) [AutoSaveWorld.jar:?]
[01:47:31] [AutoSaveWorld AutoSaveThread/INFO]: [0;34;1mAutoSave Complete[m
[02:02:33] [AutoSaveWorld AutoSaveThread/INFO]: [0;34;1mAutoSaving[m
[02:02:33] [AutoSaveWorld AutoSaveThread/ERROR]: [AutoSaveWorld] Could not dump RegionFileCache
java.lang.RuntimeException: Can't find method saveLevel with params length 0
	at autosaveworld.utils.ReflectionUtils.getMethod(ReflectionUtils.java:49) ~[AutoSaveWorld.jar:?]
	at autosaveworld.features.save.AutoSaveThread.dumpRegionCache(AutoSaveThread.java:135) [AutoSaveWorld.jar:?]
	at autosaveworld.features.save.AutoSaveThread.performSave(AutoSaveThread.java:122) [AutoSaveWorld.jar:?]
	at autosaveworld.features.save.AutoSaveThread.doTask(AutoSaveThread.java:70) [AutoSaveWorld.jar:?]
	at autosaveworld.utils.Threads$IntervalTaskThread.run(Threads.java:103) [AutoSaveWorld.jar:?]
[02:02:33] [AutoSaveWorld AutoSaveThread/ERROR]: [AutoSaveWorld] Could not dump RegionFileCache
java.lang.RuntimeException: Can't find method saveLevel with params length 0
	at autosaveworld.utils.ReflectionUtils.getMethod(ReflectionUtils.java:49) ~[AutoSaveWorld.jar:?]
	at autosaveworld.features.save.AutoSaveThread.dumpRegionCache(AutoSaveThread.java:135) [AutoSaveWorld.jar:?]
	at autosaveworld.features.save.AutoSaveThread.performSave(AutoSaveThread.java:122) [AutoSaveWorld.jar:?]
	at autosaveworld.features.save.AutoSaveThread.doTask(AutoSaveThread.java:70) [AutoSaveWorld.jar:?]
	at autosaveworld.utils.Threads$IntervalTaskThread.run(Threads.java:103) [AutoSaveWorld.jar:?]
[02:02:33] [AutoSaveWorld AutoSaveThread/ERROR]: [AutoSaveWorld] Could not dump RegionFileCache
java.lang.RuntimeException: Can't find method saveLevel with params length 0
	at autosaveworld.utils.ReflectionUtils.getMethod(ReflectionUtils.java:49) ~[AutoSaveWorld.jar:?]
	at autosaveworld.features.save.AutoSaveThread.dumpRegionCache(AutoSaveThread.java:135) [AutoSaveWorld.jar:?]
	at autosaveworld.features.save.AutoSaveThread.performSave(AutoSaveThread.java:122) [AutoSaveWorld.jar:?]
	at autosaveworld.features.save.AutoSaveThread.doTask(AutoSaveThread.java:70) [AutoSaveWorld.jar:?]
	at autosaveworld.utils.Threads$IntervalTaskThread.run(Threads.java:103) [AutoSaveWorld.jar:?]
[02:02:33] [AutoSaveWorld AutoSaveThread/INFO]: [0;34;1mAutoSave Complete[m
[02:17:34] [AutoSaveWorld AutoSaveThread/INFO]: [0;34;1mAutoSaving[m
[02:17:35] [AutoSaveWorld AutoSaveThread/ERROR]: [AutoSaveWorld] Could not dump RegionFileCache
java.lang.RuntimeException: Can't find method saveLevel with params length 0
	at autosaveworld.utils.ReflectionUtils.getMethod(ReflectionUtils.java:49) ~[AutoSaveWorld.jar:?]
	at autosaveworld.features.save.AutoSaveThread.dumpRegionCache(AutoSaveThread.java:135) [AutoSaveWorld.jar:?]
	at autosaveworld.features.save.AutoSaveThread.performSave(AutoSaveThread.java:122) [AutoSaveWorld.jar:?]
	at autosaveworld.features.save.AutoSaveThread.doTask(AutoSaveThread.java:70) [AutoSaveWorld.jar:?]
	at autosaveworld.utils.Threads$IntervalTaskThread.run(Threads.java:103) [AutoSaveWorld.jar:?]
[02:17:35] [AutoSaveWorld AutoSaveThread/ERROR]: [AutoSaveWorld] Could not dump RegionFileCache
java.lang.RuntimeException: Can't find method saveLevel with params length 0
	at autosaveworld.utils.ReflectionUtils.getMethod(ReflectionUtils.java:49) ~[AutoSaveWorld.jar:?]
	at autosaveworld.features.save.AutoSaveThread.dumpRegionCache(AutoSaveThread.java:135) [AutoSaveWorld.jar:?]
	at autosaveworld.features.save.AutoSaveThread.performSave(AutoSaveThread.java:122) [AutoSaveWorld.jar:?]
	at autosaveworld.features.save.AutoSaveThread.doTask(AutoSaveThread.java:70) [AutoSaveWorld.jar:?]
	at autosaveworld.utils.Threads$IntervalTaskThread.run(Threads.java:103) [AutoSaveWorld.jar:?]
[02:17:35] [AutoSaveWorld AutoSaveThread/ERROR]: [AutoSaveWorld] Could not dump RegionFileCache
java.lang.RuntimeException: Can't find method saveLevel with params length 0
	at autosaveworld.utils.ReflectionUtils.getMethod(ReflectionUtils.java:49) ~[AutoSaveWorld.jar:?]
	at autosaveworld.features.save.AutoSaveThread.dumpRegionCache(AutoSaveThread.java:135) [AutoSaveWorld.jar:?]
	at autosaveworld.features.save.AutoSaveThread.performSave(AutoSaveThread.java:122) [AutoSaveWorld.jar:?]
	at autosaveworld.features.save.AutoSaveThread.doTask(AutoSaveThread.java:70) [AutoSaveWorld.jar:?]
	at autosaveworld.utils.Threads$IntervalTaskThread.run(Threads.java:103) [AutoSaveWorld.jar:?]
[02:17:35] [AutoSaveWorld AutoSaveThread/INFO]: [0;34;1mAutoSave Complete[m
[02:32:36] [AutoSaveWorld AutoSaveThread/INFO]: [0;34;1mAutoSaving[m
[02:32:36] [AutoSaveWorld AutoSaveThread/ERROR]: [AutoSaveWorld] Could not dump RegionFileCache
java.lang.RuntimeException: Can't find method saveLevel with params length 0
	at autosaveworld.utils.ReflectionUtils.getMethod(ReflectionUtils.java:49) ~[AutoSaveWorld.jar:?]
	at autosaveworld.features.save.AutoSaveThread.dumpRegionCache(AutoSaveThread.java:135) [AutoSaveWorld.jar:?]
	at autosaveworld.features.save.AutoSaveThread.performSave(AutoSaveThread.java:122) [AutoSaveWorld.jar:?]
	at autosaveworld.features.save.AutoSaveThread.doTask(AutoSaveThread.java:70) [AutoSaveWorld.jar:?]
	at autosaveworld.utils.Threads$IntervalTaskThread.run(Threads.java:103) [AutoSaveWorld.jar:?]
[02:32:36] [AutoSaveWorld AutoSaveThread/ERROR]: [AutoSaveWorld] Could not dump RegionFileCache
java.lang.RuntimeException: Can't find method saveLevel with params length 0
	at autosaveworld.utils.ReflectionUtils.getMethod(ReflectionUtils.java:49) ~[AutoSaveWorld.jar:?]
	at autosaveworld.features.save.AutoSaveThread.dumpRegionCache(AutoSaveThread.java:135) [AutoSaveWorld.jar:?]
	at autosaveworld.features.save.AutoSaveThread.performSave(AutoSaveThread.java:122) [AutoSaveWorld.jar:?]
	at autosaveworld.features.save.AutoSaveThread.doTask(AutoSaveThread.java:70) [AutoSaveWorld.jar:?]
	at autosaveworld.utils.Threads$IntervalTaskThread.run(Threads.java:103) [AutoSaveWorld.jar:?]
[02:32:36] [AutoSaveWorld AutoSaveThread/ERROR]: [AutoSaveWorld] Could not dump RegionFileCache
java.lang.RuntimeException: Can't find method saveLevel with params length 0
	at autosaveworld.utils.ReflectionUtils.getMethod(ReflectionUtils.java:49) ~[AutoSaveWorld.jar:?]
	at autosaveworld.features.save.AutoSaveThread.dumpRegionCache(AutoSaveThread.java:135) [AutoSaveWorld.jar:?]
	at autosaveworld.features.save.AutoSaveThread.performSave(AutoSaveThread.java:122) [AutoSaveWorld.jar:?]
	at autosaveworld.features.save.AutoSaveThread.doTask(AutoSaveThread.java:70) [AutoSaveWorld.jar:?]
	at autosaveworld.utils.Threads$IntervalTaskThread.run(Threads.java:103) [AutoSaveWorld.jar:?]
[02:32:36] [AutoSaveWorld AutoSaveThread/INFO]: [0;34;1mAutoSave Complete[m
[02:47:38] [AutoSaveWorld AutoSaveThread/INFO]: [0;34;1mAutoSaving[m
[02:47:38] [AutoSaveWorld AutoSaveThread/ERROR]: [AutoSaveWorld] Could not dump RegionFileCache
java.lang.RuntimeException: Can't find method saveLevel with params length 0
	at autosaveworld.utils.ReflectionUtils.getMethod(ReflectionUtils.java:49) ~[AutoSaveWorld.jar:?]
	at autosaveworld.features.save.AutoSaveThread.dumpRegionCache(AutoSaveThread.java:135) [AutoSaveWorld.jar:?]
	at autosaveworld.features.save.AutoSaveThread.performSave(AutoSaveThread.java:122) [AutoSaveWorld.jar:?]
	at autosaveworld.features.save.AutoSaveThread.doTask(AutoSaveThread.java:70) [AutoSaveWorld.jar:?]
	at autosaveworld.utils.Threads$IntervalTaskThread.run(Threads.java:103) [AutoSaveWorld.jar:?]
[02:47:38] [AutoSaveWorld AutoSaveThread/ERROR]: [AutoSaveWorld] Could not dump RegionFileCache
java.lang.RuntimeException: Can't find method saveLevel with params length 0
	at autosaveworld.utils.ReflectionUtils.getMethod(ReflectionUtils.java:49) ~[AutoSaveWorld.jar:?]
	at autosaveworld.features.save.AutoSaveThread.dumpRegionCache(AutoSaveThread.java:135) [AutoSaveWorld.jar:?]
	at autosaveworld.features.save.AutoSaveThread.performSave(AutoSaveThread.java:122) [AutoSaveWorld.jar:?]
	at autosaveworld.features.save.AutoSaveThread.doTask(AutoSaveThread.java:70) [AutoSaveWorld.jar:?]
	at autosaveworld.utils.Threads$IntervalTaskThread.run(Threads.java:103) [AutoSaveWorld.jar:?]
[02:47:38] [AutoSaveWorld AutoSaveThread/ERROR]: [AutoSaveWorld] Could not dump RegionFileCache
java.lang.RuntimeException: Can't find method saveLevel with params length 0
	at autosaveworld.utils.ReflectionUtils.getMethod(ReflectionUtils.java:49) ~[AutoSaveWorld.jar:?]
	at autosaveworld.features.save.AutoSaveThread.dumpRegionCache(AutoSaveThread.java:135) [AutoSaveWorld.jar:?]
	at autosaveworld.features.save.AutoSaveThread.performSave(AutoSaveThread.java:122) [AutoSaveWorld.jar:?]
	at autosaveworld.features.save.AutoSaveThread.doTask(AutoSaveThread.java:70) [AutoSaveWorld.jar:?]
	at autosaveworld.utils.Threads$IntervalTaskThread.run(Threads.java:103) [AutoSaveWorld.jar:?]
[02:47:38] [AutoSaveWorld AutoSaveThread/INFO]: [0;34;1mAutoSave Complete[m
[03:02:39] [AutoSaveWorld AutoSaveThread/INFO]: [0;34;1mAutoSaving[m
[03:02:40] [AutoSaveWorld AutoSaveThread/ERROR]: [AutoSaveWorld] Could not dump RegionFileCache
java.lang.RuntimeException: Can't find method saveLevel with params length 0
	at autosaveworld.utils.ReflectionUtils.getMethod(ReflectionUtils.java:49) ~[AutoSaveWorld.jar:?]
	at autosaveworld.features.save.AutoSaveThread.dumpRegionCache(AutoSaveThread.java:135) [AutoSaveWorld.jar:?]
	at autosaveworld.features.save.AutoSaveThread.performSave(AutoSaveThread.java:122) [AutoSaveWorld.jar:?]
	at autosaveworld.features.save.AutoSaveThread.doTask(AutoSaveThread.java:70) [AutoSaveWorld.jar:?]
	at autosaveworld.utils.Threads$IntervalTaskThread.run(Threads.java:103) [AutoSaveWorld.jar:?]
[03:02:40] [AutoSaveWorld AutoSaveThread/ERROR]: [AutoSaveWorld] Could not dump RegionFileCache
java.lang.RuntimeException: Can't find method saveLevel with params length 0
	at autosaveworld.utils.ReflectionUtils.getMethod(ReflectionUtils.java:49) ~[AutoSaveWorld.jar:?]
	at autosaveworld.features.save.AutoSaveThread.dumpRegionCache(AutoSaveThread.java:135) [AutoSaveWorld.jar:?]
	at autosaveworld.features.save.AutoSaveThread.performSave(AutoSaveThread.java:122) [AutoSaveWorld.jar:?]
	at autosaveworld.features.save.AutoSaveThread.doTask(AutoSaveThread.java:70) [AutoSaveWorld.jar:?]
	at autosaveworld.utils.Threads$IntervalTaskThread.run(Threads.java:103) [AutoSaveWorld.jar:?]
[03:02:40] [AutoSaveWorld AutoSaveThread/ERROR]: [AutoSaveWorld] Could not dump RegionFileCache
java.lang.RuntimeException: Can't find method saveLevel with params length 0
	at autosaveworld.utils.ReflectionUtils.getMethod(ReflectionUtils.java:49) ~[AutoSaveWorld.jar:?]
	at autosaveworld.features.save.AutoSaveThread.dumpRegionCache(AutoSaveThread.java:135) [AutoSaveWorld.jar:?]
	at autosaveworld.features.save.AutoSaveThread.performSave(AutoSaveThread.java:122) [AutoSaveWorld.jar:?]
	at autosaveworld.features.save.AutoSaveThread.doTask(AutoSaveThread.java:70) [AutoSaveWorld.jar:?]
	at autosaveworld.utils.Threads$IntervalTaskThread.run(Threads.java:103) [AutoSaveWorld.jar:?]
[03:02:40] [AutoSaveWorld AutoSaveThread/INFO]: [0;34;1mAutoSave Complete[m
[03:17:41] [AutoSaveWorld AutoSaveThread/INFO]: [0;34;1mAutoSaving[m
[03:17:41] [AutoSaveWorld AutoSaveThread/ERROR]: [AutoSaveWorld] Could not dump RegionFileCache
java.lang.RuntimeException: Can't find method saveLevel with params length 0
	at autosaveworld.utils.ReflectionUtils.getMethod(ReflectionUtils.java:49) ~[AutoSaveWorld.jar:?]
	at autosaveworld.features.save.AutoSaveThread.dumpRegionCache(AutoSaveThread.java:135) [AutoSaveWorld.jar:?]
	at autosaveworld.features.save.AutoSaveThread.performSave(AutoSaveThread.java:122) [AutoSaveWorld.jar:?]
	at autosaveworld.features.save.AutoSaveThread.doTask(AutoSaveThread.java:70) [AutoSaveWorld.jar:?]
	at autosaveworld.utils.Threads$IntervalTaskThread.run(Threads.java:103) [AutoSaveWorld.jar:?]
[03:17:41] [AutoSaveWorld AutoSaveThread/ERROR]: [AutoSaveWorld] Could not dump RegionFileCache
java.lang.RuntimeException: Can't find method saveLevel with params length 0
	at autosaveworld.utils.ReflectionUtils.getMethod(ReflectionUtils.java:49) ~[AutoSaveWorld.jar:?]
	at autosaveworld.features.save.AutoSaveThread.dumpRegionCache(AutoSaveThread.java:135) [AutoSaveWorld.jar:?]
	at autosaveworld.features.save.AutoSaveThread.performSave(AutoSaveThread.java:122) [AutoSaveWorld.jar:?]
	at autosaveworld.features.save.AutoSaveThread.doTask(AutoSaveThread.java:70) [AutoSaveWorld.jar:?]
	at autosaveworld.utils.Threads$IntervalTaskThread.run(Threads.java:103) [AutoSaveWorld.jar:?]
[03:17:41] [AutoSaveWorld AutoSaveThread/ERROR]: [AutoSaveWorld] Could not dump RegionFileCache
java.lang.RuntimeException: Can't find method saveLevel with params length 0
	at autosaveworld.utils.ReflectionUtils.getMethod(ReflectionUtils.java:49) ~[AutoSaveWorld.jar:?]
	at autosaveworld.features.save.AutoSaveThread.dumpRegionCache(AutoSaveThread.java:135) [AutoSaveWorld.jar:?]
	at autosaveworld.features.save.AutoSaveThread.performSave(AutoSaveThread.java:122) [AutoSaveWorld.jar:?]
	at autosaveworld.features.save.AutoSaveThread.doTask(AutoSaveThread.java:70) [AutoSaveWorld.jar:?]
	at autosaveworld.utils.Threads$IntervalTaskThread.run(Threads.java:103) [AutoSaveWorld.jar:?]
[03:17:41] [AutoSaveWorld AutoSaveThread/INFO]: [0;34;1mAutoSave Complete[m
[03:32:43] [AutoSaveWorld AutoSaveThread/INFO]: [0;34;1mAutoSaving[m
[03:32:43] [AutoSaveWorld AutoSaveThread/ERROR]: [AutoSaveWorld] Could not dump RegionFileCache
java.lang.RuntimeException: Can't find method saveLevel with params length 0
	at autosaveworld.utils.ReflectionUtils.getMethod(ReflectionUtils.java:49) ~[AutoSaveWorld.jar:?]
	at autosaveworld.features.save.AutoSaveThread.dumpRegionCache(AutoSaveThread.java:135) [AutoSaveWorld.jar:?]
	at autosaveworld.features.save.AutoSaveThread.performSave(AutoSaveThread.java:122) [AutoSaveWorld.jar:?]
	at autosaveworld.features.save.AutoSaveThread.doTask(AutoSaveThread.java:70) [AutoSaveWorld.jar:?]
	at autosaveworld.utils.Threads$IntervalTaskThread.run(Threads.java:103) [AutoSaveWorld.jar:?]
[03:32:43] [AutoSaveWorld AutoSaveThread/ERROR]: [AutoSaveWorld] Could not dump RegionFileCache
java.lang.RuntimeException: Can't find method saveLevel with params length 0
	at autosaveworld.utils.ReflectionUtils.getMethod(ReflectionUtils.java:49) ~[AutoSaveWorld.jar:?]
	at autosaveworld.features.save.AutoSaveThread.dumpRegionCache(AutoSaveThread.java:135) [AutoSaveWorld.jar:?]
	at autosaveworld.features.save.AutoSaveThread.performSave(AutoSaveThread.java:122) [AutoSaveWorld.jar:?]
	at autosaveworld.features.save.AutoSaveThread.doTask(AutoSaveThread.java:70) [AutoSaveWorld.jar:?]
	at autosaveworld.utils.Threads$IntervalTaskThread.run(Threads.java:103) [AutoSaveWorld.jar:?]
[03:32:43] [AutoSaveWorld AutoSaveThread/ERROR]: [AutoSaveWorld] Could not dump RegionFileCache
java.lang.RuntimeException: Can't find method saveLevel with params length 0
	at autosaveworld.utils.ReflectionUtils.getMethod(ReflectionUtils.java:49) ~[AutoSaveWorld.jar:?]
	at autosaveworld.features.save.AutoSaveThread.dumpRegionCache(AutoSaveThread.java:135) [AutoSaveWorld.jar:?]
	at autosaveworld.features.save.AutoSaveThread.performSave(AutoSaveThread.java:122) [AutoSaveWorld.jar:?]
	at autosaveworld.features.save.AutoSaveThread.doTask(AutoSaveThread.java:70) [AutoSaveWorld.jar:?]
	at autosaveworld.utils.Threads$IntervalTaskThread.run(Threads.java:103) [AutoSaveWorld.jar:?]
[03:32:43] [AutoSaveWorld AutoSaveThread/INFO]: [0;34;1mAutoSave Complete[m
[03:47:44] [AutoSaveWorld AutoSaveThread/INFO]: [0;34;1mAutoSaving[m
[03:47:45] [AutoSaveWorld AutoSaveThread/ERROR]: [AutoSaveWorld] Could not dump RegionFileCache
java.lang.RuntimeException: Can't find method saveLevel with params length 0
	at autosaveworld.utils.ReflectionUtils.getMethod(ReflectionUtils.java:49) ~[AutoSaveWorld.jar:?]
	at autosaveworld.features.save.AutoSaveThread.dumpRegionCache(AutoSaveThread.java:135) [AutoSaveWorld.jar:?]
	at autosaveworld.features.save.AutoSaveThread.performSave(AutoSaveThread.java:122) [AutoSaveWorld.jar:?]
	at autosaveworld.features.save.AutoSaveThread.doTask(AutoSaveThread.java:70) [AutoSaveWorld.jar:?]
	at autosaveworld.utils.Threads$IntervalTaskThread.run(Threads.java:103) [AutoSaveWorld.jar:?]
[03:47:45] [AutoSaveWorld AutoSaveThread/ERROR]: [AutoSaveWorld] Could not dump RegionFileCache
java.lang.RuntimeException: Can't find method saveLevel with params length 0
	at autosaveworld.utils.ReflectionUtils.getMethod(ReflectionUtils.java:49) ~[AutoSaveWorld.jar:?]
	at autosaveworld.features.save.AutoSaveThread.dumpRegionCache(AutoSaveThread.java:135) [AutoSaveWorld.jar:?]
	at autosaveworld.features.save.AutoSaveThread.performSave(AutoSaveThread.java:122) [AutoSaveWorld.jar:?]
	at autosaveworld.features.save.AutoSaveThread.doTask(AutoSaveThread.java:70) [AutoSaveWorld.jar:?]
	at autosaveworld.utils.Threads$IntervalTaskThread.run(Threads.java:103) [AutoSaveWorld.jar:?]
[03:47:45] [AutoSaveWorld AutoSaveThread/ERROR]: [AutoSaveWorld] Could not dump RegionFileCache
java.lang.RuntimeException: Can't find method saveLevel with params length 0
	at autosaveworld.utils.ReflectionUtils.getMethod(ReflectionUtils.java:49) ~[AutoSaveWorld.jar:?]
	at autosaveworld.features.save.AutoSaveThread.dumpRegionCache(AutoSaveThread.java:135) [AutoSaveWorld.jar:?]
	at autosaveworld.features.save.AutoSaveThread.performSave(AutoSaveThread.java:122) [AutoSaveWorld.jar:?]
	at autosaveworld.features.save.AutoSaveThread.doTask(AutoSaveThread.java:70) [AutoSaveWorld.jar:?]
	at autosaveworld.utils.Threads$IntervalTaskThread.run(Threads.java:103) [AutoSaveWorld.jar:?]
[03:47:45] [AutoSaveWorld AutoSaveThread/INFO]: [0;34;1mAutoSave Complete[m
[04:02:46] [AutoSaveWorld AutoSaveThread/INFO]: [0;34;1mAutoSaving[m
[04:02:46] [AutoSaveWorld AutoSaveThread/ERROR]: [AutoSaveWorld] Could not dump RegionFileCache
java.lang.RuntimeException: Can't find method saveLevel with params length 0
	at autosaveworld.utils.ReflectionUtils.getMethod(ReflectionUtils.java:49) ~[AutoSaveWorld.jar:?]
	at autosaveworld.features.save.AutoSaveThread.dumpRegionCache(AutoSaveThread.java:135) [AutoSaveWorld.jar:?]
	at autosaveworld.features.save.AutoSaveThread.performSave(AutoSaveThread.java:122) [AutoSaveWorld.jar:?]
	at autosaveworld.features.save.AutoSaveThread.doTask(AutoSaveThread.java:70) [AutoSaveWorld.jar:?]
	at autosaveworld.utils.Threads$IntervalTaskThread.run(Threads.java:103) [AutoSaveWorld.jar:?]
[04:02:46] [AutoSaveWorld AutoSaveThread/ERROR]: [AutoSaveWorld] Could not dump RegionFileCache
java.lang.RuntimeException: Can't find method saveLevel with params length 0
	at autosaveworld.utils.ReflectionUtils.getMethod(ReflectionUtils.java:49) ~[AutoSaveWorld.jar:?]
	at autosaveworld.features.save.AutoSaveThread.dumpRegionCache(AutoSaveThread.java:135) [AutoSaveWorld.jar:?]
	at autosaveworld.features.save.AutoSaveThread.performSave(AutoSaveThread.java:122) [AutoSaveWorld.jar:?]
	at autosaveworld.features.save.AutoSaveThread.doTask(AutoSaveThread.java:70) [AutoSaveWorld.jar:?]
	at autosaveworld.utils.Threads$IntervalTaskThread.run(Threads.java:103) [AutoSaveWorld.jar:?]
[04:02:46] [AutoSaveWorld AutoSaveThread/ERROR]: [AutoSaveWorld] Could not dump RegionFileCache
java.lang.RuntimeException: Can't find method saveLevel with params length 0
	at autosaveworld.utils.ReflectionUtils.getMethod(ReflectionUtils.java:49) ~[AutoSaveWorld.jar:?]
	at autosaveworld.features.save.AutoSaveThread.dumpRegionCache(AutoSaveThread.java:135) [AutoSaveWorld.jar:?]
	at autosaveworld.features.save.AutoSaveThread.performSave(AutoSaveThread.java:122) [AutoSaveWorld.jar:?]
	at autosaveworld.features.save.AutoSaveThread.doTask(AutoSaveThread.java:70) [AutoSaveWorld.jar:?]
	at autosaveworld.utils.Threads$IntervalTaskThread.run(Threads.java:103) [AutoSaveWorld.jar:?]
[04:02:46] [AutoSaveWorld AutoSaveThread/INFO]: [0;34;1mAutoSave Complete[m
[04:17:48] [AutoSaveWorld AutoSaveThread/INFO]: [0;34;1mAutoSaving[m
[04:17:48] [AutoSaveWorld AutoSaveThread/ERROR]: [AutoSaveWorld] Could not dump RegionFileCache
java.lang.RuntimeException: Can't find method saveLevel with params length 0
	at autosaveworld.utils.ReflectionUtils.getMethod(ReflectionUtils.java:49) ~[AutoSaveWorld.jar:?]
	at autosaveworld.features.save.AutoSaveThread.dumpRegionCache(AutoSaveThread.java:135) [AutoSaveWorld.jar:?]
	at autosaveworld.features.save.AutoSaveThread.performSave(AutoSaveThread.java:122) [AutoSaveWorld.jar:?]
	at autosaveworld.features.save.AutoSaveThread.doTask(AutoSaveThread.java:70) [AutoSaveWorld.jar:?]
	at autosaveworld.utils.Threads$IntervalTaskThread.run(Threads.java:103) [AutoSaveWorld.jar:?]
[04:17:48] [AutoSaveWorld AutoSaveThread/ERROR]: [AutoSaveWorld] Could not dump RegionFileCache
java.lang.RuntimeException: Can't find method saveLevel with params length 0
	at autosaveworld.utils.ReflectionUtils.getMethod(ReflectionUtils.java:49) ~[AutoSaveWorld.jar:?]
	at autosaveworld.features.save.AutoSaveThread.dumpRegionCache(AutoSaveThread.java:135) [AutoSaveWorld.jar:?]
	at autosaveworld.features.save.AutoSaveThread.performSave(AutoSaveThread.java:122) [AutoSaveWorld.jar:?]
	at autosaveworld.features.save.AutoSaveThread.doTask(AutoSaveThread.java:70) [AutoSaveWorld.jar:?]
	at autosaveworld.utils.Threads$IntervalTaskThread.run(Threads.java:103) [AutoSaveWorld.jar:?]
[04:17:48] [AutoSaveWorld AutoSaveThread/ERROR]: [AutoSaveWorld] Could not dump RegionFileCache
java.lang.RuntimeException: Can't find method saveLevel with params length 0
	at autosaveworld.utils.ReflectionUtils.getMethod(ReflectionUtils.java:49) ~[AutoSaveWorld.jar:?]
	at autosaveworld.features.save.AutoSaveThread.dumpRegionCache(AutoSaveThread.java:135) [AutoSaveWorld.jar:?]
	at autosaveworld.features.save.AutoSaveThread.performSave(AutoSaveThread.java:122) [AutoSaveWorld.jar:?]
	at autosaveworld.features.save.AutoSaveThread.doTask(AutoSaveThread.java:70) [AutoSaveWorld.jar:?]
	at autosaveworld.utils.Threads$IntervalTaskThread.run(Threads.java:103) [AutoSaveWorld.jar:?]
[04:17:48] [AutoSaveWorld AutoSaveThread/INFO]: [0;34;1mAutoSave Complete[m
[04:32:49] [AutoSaveWorld AutoSaveThread/INFO]: [0;34;1mAutoSaving[m
[04:32:50] [AutoSaveWorld AutoSaveThread/ERROR]: [AutoSaveWorld] Could not dump RegionFileCache
java.lang.RuntimeException: Can't find method saveLevel with params length 0
	at autosaveworld.utils.ReflectionUtils.getMethod(ReflectionUtils.java:49) ~[AutoSaveWorld.jar:?]
	at autosaveworld.features.save.AutoSaveThread.dumpRegionCache(AutoSaveThread.java:135) [AutoSaveWorld.jar:?]
	at autosaveworld.features.save.AutoSaveThread.performSave(AutoSaveThread.java:122) [AutoSaveWorld.jar:?]
	at autosaveworld.features.save.AutoSaveThread.doTask(AutoSaveThread.java:70) [AutoSaveWorld.jar:?]
	at autosaveworld.utils.Threads$IntervalTaskThread.run(Threads.java:103) [AutoSaveWorld.jar:?]
[04:32:50] [AutoSaveWorld AutoSaveThread/ERROR]: [AutoSaveWorld] Could not dump RegionFileCache
java.lang.RuntimeException: Can't find method saveLevel with params length 0
	at autosaveworld.utils.ReflectionUtils.getMethod(ReflectionUtils.java:49) ~[AutoSaveWorld.jar:?]
	at autosaveworld.features.save.AutoSaveThread.dumpRegionCache(AutoSaveThread.java:135) [AutoSaveWorld.jar:?]
	at autosaveworld.features.save.AutoSaveThread.performSave(AutoSaveThread.java:122) [AutoSaveWorld.jar:?]
	at autosaveworld.features.save.AutoSaveThread.doTask(AutoSaveThread.java:70) [AutoSaveWorld.jar:?]
	at autosaveworld.utils.Threads$IntervalTaskThread.run(Threads.java:103) [AutoSaveWorld.jar:?]
[04:32:50] [AutoSaveWorld AutoSaveThread/ERROR]: [AutoSaveWorld] Could not dump RegionFileCache
java.lang.RuntimeException: Can't find method saveLevel with params length 0
	at autosaveworld.utils.ReflectionUtils.getMethod(ReflectionUtils.java:49) ~[AutoSaveWorld.jar:?]
	at autosaveworld.features.save.AutoSaveThread.dumpRegionCache(AutoSaveThread.java:135) [AutoSaveWorld.jar:?]
	at autosaveworld.features.save.AutoSaveThread.performSave(AutoSaveThread.java:122) [AutoSaveWorld.jar:?]
	at autosaveworld.features.save.AutoSaveThread.doTask(AutoSaveThread.java:70) [AutoSaveWorld.jar:?]
	at autosaveworld.utils.Threads$IntervalTaskThread.run(Threads.java:103) [AutoSaveWorld.jar:?]
[04:32:50] [AutoSaveWorld AutoSaveThread/INFO]: [0;34;1mAutoSave Complete[m
[04:47:51] [AutoSaveWorld AutoSaveThread/INFO]: [0;34;1mAutoSaving[m
[04:47:51] [AutoSaveWorld AutoSaveThread/ERROR]: [AutoSaveWorld] Could not dump RegionFileCache
java.lang.RuntimeException: Can't find method saveLevel with params length 0
	at autosaveworld.utils.ReflectionUtils.getMethod(ReflectionUtils.java:49) ~[AutoSaveWorld.jar:?]
	at autosaveworld.features.save.AutoSaveThread.dumpRegionCache(AutoSaveThread.java:135) [AutoSaveWorld.jar:?]
	at autosaveworld.features.save.AutoSaveThread.performSave(AutoSaveThread.java:122) [AutoSaveWorld.jar:?]
	at autosaveworld.features.save.AutoSaveThread.doTask(AutoSaveThread.java:70) [AutoSaveWorld.jar:?]
	at autosaveworld.utils.Threads$IntervalTaskThread.run(Threads.java:103) [AutoSaveWorld.jar:?]
[04:47:51] [AutoSaveWorld AutoSaveThread/ERROR]: [AutoSaveWorld] Could not dump RegionFileCache
java.lang.RuntimeException: Can't find method saveLevel with params length 0
	at autosaveworld.utils.ReflectionUtils.getMethod(ReflectionUtils.java:49) ~[AutoSaveWorld.jar:?]
	at autosaveworld.features.save.AutoSaveThread.dumpRegionCache(AutoSaveThread.java:135) [AutoSaveWorld.jar:?]
	at autosaveworld.features.save.AutoSaveThread.performSave(AutoSaveThread.java:122) [AutoSaveWorld.jar:?]
	at autosaveworld.features.save.AutoSaveThread.doTask(AutoSaveThread.java:70) [AutoSaveWorld.jar:?]
	at autosaveworld.utils.Threads$IntervalTaskThread.run(Threads.java:103) [AutoSaveWorld.jar:?]
[04:47:51] [AutoSaveWorld AutoSaveThread/ERROR]: [AutoSaveWorld] Could not dump RegionFileCache
java.lang.RuntimeException: Can't find method saveLevel with params length 0
	at autosaveworld.utils.ReflectionUtils.getMethod(ReflectionUtils.java:49) ~[AutoSaveWorld.jar:?]
	at autosaveworld.features.save.AutoSaveThread.dumpRegionCache(AutoSaveThread.java:135) [AutoSaveWorld.jar:?]
	at autosaveworld.features.save.AutoSaveThread.performSave(AutoSaveThread.java:122) [AutoSaveWorld.jar:?]
	at autosaveworld.features.save.AutoSaveThread.doTask(AutoSaveThread.java:70) [AutoSaveWorld.jar:?]
	at autosaveworld.utils.Threads$IntervalTaskThread.run(Threads.java:103) [AutoSaveWorld.jar:?]
[04:47:51] [AutoSaveWorld AutoSaveThread/INFO]: [0;34;1mAutoSave Complete[m
[05:02:53] [AutoSaveWorld AutoSaveThread/INFO]: [0;34;1mAutoSaving[m
[05:02:53] [AutoSaveWorld AutoSaveThread/ERROR]: [AutoSaveWorld] Could not dump RegionFileCache
java.lang.RuntimeException: Can't find method saveLevel with params length 0
	at autosaveworld.utils.ReflectionUtils.getMethod(ReflectionUtils.java:49) ~[AutoSaveWorld.jar:?]
	at autosaveworld.features.save.AutoSaveThread.dumpRegionCache(AutoSaveThread.java:135) [AutoSaveWorld.jar:?]
	at autosaveworld.features.save.AutoSaveThread.performSave(AutoSaveThread.java:122) [AutoSaveWorld.jar:?]
	at autosaveworld.features.save.AutoSaveThread.doTask(AutoSaveThread.java:70) [AutoSaveWorld.jar:?]
	at autosaveworld.utils.Threads$IntervalTaskThread.run(Threads.java:103) [AutoSaveWorld.jar:?]
[05:02:53] [AutoSaveWorld AutoSaveThread/ERROR]: [AutoSaveWorld] Could not dump RegionFileCache
java.lang.RuntimeException: Can't find method saveLevel with params length 0
	at autosaveworld.utils.ReflectionUtils.getMethod(ReflectionUtils.java:49) ~[AutoSaveWorld.jar:?]
	at autosaveworld.features.save.AutoSaveThread.dumpRegionCache(AutoSaveThread.java:135) [AutoSaveWorld.jar:?]
	at autosaveworld.features.save.AutoSaveThread.performSave(AutoSaveThread.java:122) [AutoSaveWorld.jar:?]
	at autosaveworld.features.save.AutoSaveThread.doTask(AutoSaveThread.java:70) [AutoSaveWorld.jar:?]
	at autosaveworld.utils.Threads$IntervalTaskThread.run(Threads.java:103) [AutoSaveWorld.jar:?]
[05:02:53] [AutoSaveWorld AutoSaveThread/ERROR]: [AutoSaveWorld] Could not dump RegionFileCache
java.lang.RuntimeException: Can't find method saveLevel with params length 0
	at autosaveworld.utils.ReflectionUtils.getMethod(ReflectionUtils.java:49) ~[AutoSaveWorld.jar:?]
	at autosaveworld.features.save.AutoSaveThread.dumpRegionCache(AutoSaveThread.java:135) [AutoSaveWorld.jar:?]
	at autosaveworld.features.save.AutoSaveThread.performSave(AutoSaveThread.java:122) [AutoSaveWorld.jar:?]
	at autosaveworld.features.save.AutoSaveThread.doTask(AutoSaveThread.java:70) [AutoSaveWorld.jar:?]
	at autosaveworld.utils.Threads$IntervalTaskThread.run(Threads.java:103) [AutoSaveWorld.jar:?]
[05:02:53] [AutoSaveWorld AutoSaveThread/INFO]: [0;34;1mAutoSave Complete[m
[05:17:54] [AutoSaveWorld AutoSaveThread/INFO]: [0;34;1mAutoSaving[m
[05:17:55] [AutoSaveWorld AutoSaveThread/ERROR]: [AutoSaveWorld] Could not dump RegionFileCache
java.lang.RuntimeException: Can't find method saveLevel with params length 0
	at autosaveworld.utils.ReflectionUtils.getMethod(ReflectionUtils.java:49) ~[AutoSaveWorld.jar:?]
	at autosaveworld.features.save.AutoSaveThread.dumpRegionCache(AutoSaveThread.java:135) [AutoSaveWorld.jar:?]
	at autosaveworld.features.save.AutoSaveThread.performSave(AutoSaveThread.java:122) [AutoSaveWorld.jar:?]
	at autosaveworld.features.save.AutoSaveThread.doTask(AutoSaveThread.java:70) [AutoSaveWorld.jar:?]
	at autosaveworld.utils.Threads$IntervalTaskThread.run(Threads.java:103) [AutoSaveWorld.jar:?]
[05:17:55] [AutoSaveWorld AutoSaveThread/ERROR]: [AutoSaveWorld] Could not dump RegionFileCache
java.lang.RuntimeException: Can't find method saveLevel with params length 0
	at autosaveworld.utils.ReflectionUtils.getMethod(ReflectionUtils.java:49) ~[AutoSaveWorld.jar:?]
	at autosaveworld.features.save.AutoSaveThread.dumpRegionCache(AutoSaveThread.java:135) [AutoSaveWorld.jar:?]
	at autosaveworld.features.save.AutoSaveThread.performSave(AutoSaveThread.java:122) [AutoSaveWorld.jar:?]
	at autosaveworld.features.save.AutoSaveThread.doTask(AutoSaveThread.java:70) [AutoSaveWorld.jar:?]
	at autosaveworld.utils.Threads$IntervalTaskThread.run(Threads.java:103) [AutoSaveWorld.jar:?]
[05:17:55] [AutoSaveWorld AutoSaveThread/ERROR]: [AutoSaveWorld] Could not dump RegionFileCache
java.lang.RuntimeException: Can't find method saveLevel with params length 0
	at autosaveworld.utils.ReflectionUtils.getMethod(ReflectionUtils.java:49) ~[AutoSaveWorld.jar:?]
	at autosaveworld.features.save.AutoSaveThread.dumpRegionCache(AutoSaveThread.java:135) [AutoSaveWorld.jar:?]
	at autosaveworld.features.save.AutoSaveThread.performSave(AutoSaveThread.java:122) [AutoSaveWorld.jar:?]
	at autosaveworld.features.save.AutoSaveThread.doTask(AutoSaveThread.java:70) [AutoSaveWorld.jar:?]
	at autosaveworld.utils.Threads$IntervalTaskThread.run(Threads.java:103) [AutoSaveWorld.jar:?]
[05:17:55] [AutoSaveWorld AutoSaveThread/INFO]: [0;34;1mAutoSave Complete[m
[05:32:56] [AutoSaveWorld AutoSaveThread/INFO]: [0;34;1mAutoSaving[m
[05:32:56] [AutoSaveWorld AutoSaveThread/ERROR]: [AutoSaveWorld] Could not dump RegionFileCache
java.lang.RuntimeException: Can't find method saveLevel with params length 0
	at autosaveworld.utils.ReflectionUtils.getMethod(ReflectionUtils.java:49) ~[AutoSaveWorld.jar:?]
	at autosaveworld.features.save.AutoSaveThread.dumpRegionCache(AutoSaveThread.java:135) [AutoSaveWorld.jar:?]
	at autosaveworld.features.save.AutoSaveThread.performSave(AutoSaveThread.java:122) [AutoSaveWorld.jar:?]
	at autosaveworld.features.save.AutoSaveThread.doTask(AutoSaveThread.java:70) [AutoSaveWorld.jar:?]
	at autosaveworld.utils.Threads$IntervalTaskThread.run(Threads.java:103) [AutoSaveWorld.jar:?]
[05:32:56] [AutoSaveWorld AutoSaveThread/ERROR]: [AutoSaveWorld] Could not dump RegionFileCache
java.lang.RuntimeException: Can't find method saveLevel with params length 0
	at autosaveworld.utils.ReflectionUtils.getMethod(ReflectionUtils.java:49) ~[AutoSaveWorld.jar:?]
	at autosaveworld.features.save.AutoSaveThread.dumpRegionCache(AutoSaveThread.java:135) [AutoSaveWorld.jar:?]
	at autosaveworld.features.save.AutoSaveThread.performSave(AutoSaveThread.java:122) [AutoSaveWorld.jar:?]
	at autosaveworld.features.save.AutoSaveThread.doTask(AutoSaveThread.java:70) [AutoSaveWorld.jar:?]
	at autosaveworld.utils.Threads$IntervalTaskThread.run(Threads.java:103) [AutoSaveWorld.jar:?]
[05:32:56] [AutoSaveWorld AutoSaveThread/ERROR]: [AutoSaveWorld] Could not dump RegionFileCache
java.lang.RuntimeException: Can't find method saveLevel with params length 0
	at autosaveworld.utils.ReflectionUtils.getMethod(ReflectionUtils.java:49) ~[AutoSaveWorld.jar:?]
	at autosaveworld.features.save.AutoSaveThread.dumpRegionCache(AutoSaveThread.java:135) [AutoSaveWorld.jar:?]
	at autosaveworld.features.save.AutoSaveThread.performSave(AutoSaveThread.java:122) [AutoSaveWorld.jar:?]
	at autosaveworld.features.save.AutoSaveThread.doTask(AutoSaveThread.java:70) [AutoSaveWorld.jar:?]
	at autosaveworld.utils.Threads$IntervalTaskThread.run(Threads.java:103) [AutoSaveWorld.jar:?]
[05:32:56] [AutoSaveWorld AutoSaveThread/INFO]: [0;34;1mAutoSave Complete[m
[05:47:58] [AutoSaveWorld AutoSaveThread/INFO]: [0;34;1mAutoSaving[m
[05:47:58] [AutoSaveWorld AutoSaveThread/ERROR]: [AutoSaveWorld] Could not dump RegionFileCache
java.lang.RuntimeException: Can't find method saveLevel with params length 0
	at autosaveworld.utils.ReflectionUtils.getMethod(ReflectionUtils.java:49) ~[AutoSaveWorld.jar:?]
	at autosaveworld.features.save.AutoSaveThread.dumpRegionCache(AutoSaveThread.java:135) [AutoSaveWorld.jar:?]
	at autosaveworld.features.save.AutoSaveThread.performSave(AutoSaveThread.java:122) [AutoSaveWorld.jar:?]
	at autosaveworld.features.save.AutoSaveThread.doTask(AutoSaveThread.java:70) [AutoSaveWorld.jar:?]
	at autosaveworld.utils.Threads$IntervalTaskThread.run(Threads.java:103) [AutoSaveWorld.jar:?]
[05:47:58] [AutoSaveWorld AutoSaveThread/ERROR]: [AutoSaveWorld] Could not dump RegionFileCache
java.lang.RuntimeException: Can't find method saveLevel with params length 0
	at autosaveworld.utils.ReflectionUtils.getMethod(ReflectionUtils.java:49) ~[AutoSaveWorld.jar:?]
	at autosaveworld.features.save.AutoSaveThread.dumpRegionCache(AutoSaveThread.java:135) [AutoSaveWorld.jar:?]
	at autosaveworld.features.save.AutoSaveThread.performSave(AutoSaveThread.java:122) [AutoSaveWorld.jar:?]
	at autosaveworld.features.save.AutoSaveThread.doTask(AutoSaveThread.java:70) [AutoSaveWorld.jar:?]
	at autosaveworld.utils.Threads$IntervalTaskThread.run(Threads.java:103) [AutoSaveWorld.jar:?]
[05:47:58] [AutoSaveWorld AutoSaveThread/ERROR]: [AutoSaveWorld] Could not dump RegionFileCache
java.lang.RuntimeException: Can't find method saveLevel with params length 0
	at autosaveworld.utils.ReflectionUtils.getMethod(ReflectionUtils.java:49) ~[AutoSaveWorld.jar:?]
	at autosaveworld.features.save.AutoSaveThread.dumpRegionCache(AutoSaveThread.java:135) [AutoSaveWorld.jar:?]
	at autosaveworld.features.save.AutoSaveThread.performSave(AutoSaveThread.java:122) [AutoSaveWorld.jar:?]
	at autosaveworld.features.save.AutoSaveThread.doTask(AutoSaveThread.java:70) [AutoSaveWorld.jar:?]
	at autosaveworld.utils.Threads$IntervalTaskThread.run(Threads.java:103) [AutoSaveWorld.jar:?]
[05:47:58] [AutoSaveWorld AutoSaveThread/INFO]: [0;34;1mAutoSave Complete[m
[06:02:59] [AutoSaveWorld AutoSaveThread/INFO]: [0;34;1mAutoSaving[m
[06:03:00] [AutoSaveWorld AutoSaveThread/ERROR]: [AutoSaveWorld] Could not dump RegionFileCache
java.lang.RuntimeException: Can't find method saveLevel with params length 0
	at autosaveworld.utils.ReflectionUtils.getMethod(ReflectionUtils.java:49) ~[AutoSaveWorld.jar:?]
	at autosaveworld.features.save.AutoSaveThread.dumpRegionCache(AutoSaveThread.java:135) [AutoSaveWorld.jar:?]
	at autosaveworld.features.save.AutoSaveThread.performSave(AutoSaveThread.java:122) [AutoSaveWorld.jar:?]
	at autosaveworld.features.save.AutoSaveThread.doTask(AutoSaveThread.java:70) [AutoSaveWorld.jar:?]
	at autosaveworld.utils.Threads$IntervalTaskThread.run(Threads.java:103) [AutoSaveWorld.jar:?]
[06:03:00] [AutoSaveWorld AutoSaveThread/ERROR]: [AutoSaveWorld] Could not dump RegionFileCache
java.lang.RuntimeException: Can't find method saveLevel with params length 0
	at autosaveworld.utils.ReflectionUtils.getMethod(ReflectionUtils.java:49) ~[AutoSaveWorld.jar:?]
	at autosaveworld.features.save.AutoSaveThread.dumpRegionCache(AutoSaveThread.java:135) [AutoSaveWorld.jar:?]
	at autosaveworld.features.save.AutoSaveThread.performSave(AutoSaveThread.java:122) [AutoSaveWorld.jar:?]
	at autosaveworld.features.save.AutoSaveThread.doTask(AutoSaveThread.java:70) [AutoSaveWorld.jar:?]
	at autosaveworld.utils.Threads$IntervalTaskThread.run(Threads.java:103) [AutoSaveWorld.jar:?]
[06:03:00] [AutoSaveWorld AutoSaveThread/ERROR]: [AutoSaveWorld] Could not dump RegionFileCache
java.lang.RuntimeException: Can't find method saveLevel with params length 0
	at autosaveworld.utils.ReflectionUtils.getMethod(ReflectionUtils.java:49) ~[AutoSaveWorld.jar:?]
	at autosaveworld.features.save.AutoSaveThread.dumpRegionCache(AutoSaveThread.java:135) [AutoSaveWorld.jar:?]
	at autosaveworld.features.save.AutoSaveThread.performSave(AutoSaveThread.java:122) [AutoSaveWorld.jar:?]
	at autosaveworld.features.save.AutoSaveThread.doTask(AutoSaveThread.java:70) [AutoSaveWorld.jar:?]
	at autosaveworld.utils.Threads$IntervalTaskThread.run(Threads.java:103) [AutoSaveWorld.jar:?]
[06:03:00] [AutoSaveWorld AutoSaveThread/INFO]: [0;34;1mAutoSave Complete[m
[06:18:01] [AutoSaveWorld AutoSaveThread/INFO]: [0;34;1mAutoSaving[m
[06:18:01] [AutoSaveWorld AutoSaveThread/ERROR]: [AutoSaveWorld] Could not dump RegionFileCache
java.lang.RuntimeException: Can't find method saveLevel with params length 0
	at autosaveworld.utils.ReflectionUtils.getMethod(ReflectionUtils.java:49) ~[AutoSaveWorld.jar:?]
	at autosaveworld.features.save.AutoSaveThread.dumpRegionCache(AutoSaveThread.java:135) [AutoSaveWorld.jar:?]
	at autosaveworld.features.save.AutoSaveThread.performSave(AutoSaveThread.java:122) [AutoSaveWorld.jar:?]
	at autosaveworld.features.save.AutoSaveThread.doTask(AutoSaveThread.java:70) [AutoSaveWorld.jar:?]
	at autosaveworld.utils.Threads$IntervalTaskThread.run(Threads.java:103) [AutoSaveWorld.jar:?]
[06:18:01] [AutoSaveWorld AutoSaveThread/ERROR]: [AutoSaveWorld] Could not dump RegionFileCache
java.lang.RuntimeException: Can't find method saveLevel with params length 0
	at autosaveworld.utils.ReflectionUtils.getMethod(ReflectionUtils.java:49) ~[AutoSaveWorld.jar:?]
	at autosaveworld.features.save.AutoSaveThread.dumpRegionCache(AutoSaveThread.java:135) [AutoSaveWorld.jar:?]
	at autosaveworld.features.save.AutoSaveThread.performSave(AutoSaveThread.java:122) [AutoSaveWorld.jar:?]
	at autosaveworld.features.save.AutoSaveThread.doTask(AutoSaveThread.java:70) [AutoSaveWorld.jar:?]
	at autosaveworld.utils.Threads$IntervalTaskThread.run(Threads.java:103) [AutoSaveWorld.jar:?]
[06:18:01] [AutoSaveWorld AutoSaveThread/ERROR]: [AutoSaveWorld] Could not dump RegionFileCache
java.lang.RuntimeException: Can't find method saveLevel with params length 0
	at autosaveworld.utils.ReflectionUtils.getMethod(ReflectionUtils.java:49) ~[AutoSaveWorld.jar:?]
	at autosaveworld.features.save.AutoSaveThread.dumpRegionCache(AutoSaveThread.java:135) [AutoSaveWorld.jar:?]
	at autosaveworld.features.save.AutoSaveThread.performSave(AutoSaveThread.java:122) [AutoSaveWorld.jar:?]
	at autosaveworld.features.save.AutoSaveThread.doTask(AutoSaveThread.java:70) [AutoSaveWorld.jar:?]
	at autosaveworld.utils.Threads$IntervalTaskThread.run(Threads.java:103) [AutoSaveWorld.jar:?]
[06:18:01] [AutoSaveWorld AutoSaveThread/INFO]: [0;34;1mAutoSave Complete[m
[06:33:03] [AutoSaveWorld AutoSaveThread/INFO]: [0;34;1mAutoSaving[m
[06:33:03] [AutoSaveWorld AutoSaveThread/ERROR]: [AutoSaveWorld] Could not dump RegionFileCache
java.lang.RuntimeException: Can't find method saveLevel with params length 0
	at autosaveworld.utils.ReflectionUtils.getMethod(ReflectionUtils.java:49) ~[AutoSaveWorld.jar:?]
	at autosaveworld.features.save.AutoSaveThread.dumpRegionCache(AutoSaveThread.java:135) [AutoSaveWorld.jar:?]
	at autosaveworld.features.save.AutoSaveThread.performSave(AutoSaveThread.java:122) [AutoSaveWorld.jar:?]
	at autosaveworld.features.save.AutoSaveThread.doTask(AutoSaveThread.java:70) [AutoSaveWorld.jar:?]
	at autosaveworld.utils.Threads$IntervalTaskThread.run(Threads.java:103) [AutoSaveWorld.jar:?]
[06:33:03] [AutoSaveWorld AutoSaveThread/ERROR]: [AutoSaveWorld] Could not dump RegionFileCache
java.lang.RuntimeException: Can't find method saveLevel with params length 0
	at autosaveworld.utils.ReflectionUtils.getMethod(ReflectionUtils.java:49) ~[AutoSaveWorld.jar:?]
	at autosaveworld.features.save.AutoSaveThread.dumpRegionCache(AutoSaveThread.java:135) [AutoSaveWorld.jar:?]
	at autosaveworld.features.save.AutoSaveThread.performSave(AutoSaveThread.java:122) [AutoSaveWorld.jar:?]
	at autosaveworld.features.save.AutoSaveThread.doTask(AutoSaveThread.java:70) [AutoSaveWorld.jar:?]
	at autosaveworld.utils.Threads$IntervalTaskThread.run(Threads.java:103) [AutoSaveWorld.jar:?]
[06:33:03] [AutoSaveWorld AutoSaveThread/ERROR]: [AutoSaveWorld] Could not dump RegionFileCache
java.lang.RuntimeException: Can't find method saveLevel with params length 0
	at autosaveworld.utils.ReflectionUtils.getMethod(ReflectionUtils.java:49) ~[AutoSaveWorld.jar:?]
	at autosaveworld.features.save.AutoSaveThread.dumpRegionCache(AutoSaveThread.java:135) [AutoSaveWorld.jar:?]
	at autosaveworld.features.save.AutoSaveThread.performSave(AutoSaveThread.java:122) [AutoSaveWorld.jar:?]
	at autosaveworld.features.save.AutoSaveThread.doTask(AutoSaveThread.java:70) [AutoSaveWorld.jar:?]
	at autosaveworld.utils.Threads$IntervalTaskThread.run(Threads.java:103) [AutoSaveWorld.jar:?]
[06:33:03] [AutoSaveWorld AutoSaveThread/INFO]: [0;34;1mAutoSave Complete[m
[06:48:04] [AutoSaveWorld AutoSaveThread/INFO]: [0;34;1mAutoSaving[m
[06:48:05] [AutoSaveWorld AutoSaveThread/ERROR]: [AutoSaveWorld] Could not dump RegionFileCache
java.lang.RuntimeException: Can't find method saveLevel with params length 0
	at autosaveworld.utils.ReflectionUtils.getMethod(ReflectionUtils.java:49) ~[AutoSaveWorld.jar:?]
	at autosaveworld.features.save.AutoSaveThread.dumpRegionCache(AutoSaveThread.java:135) [AutoSaveWorld.jar:?]
	at autosaveworld.features.save.AutoSaveThread.performSave(AutoSaveThread.java:122) [AutoSaveWorld.jar:?]
	at autosaveworld.features.save.AutoSaveThread.doTask(AutoSaveThread.java:70) [AutoSaveWorld.jar:?]
	at autosaveworld.utils.Threads$IntervalTaskThread.run(Threads.java:103) [AutoSaveWorld.jar:?]
[06:48:05] [AutoSaveWorld AutoSaveThread/ERROR]: [AutoSaveWorld] Could not dump RegionFileCache
java.lang.RuntimeException: Can't find method saveLevel with params length 0
	at autosaveworld.utils.ReflectionUtils.getMethod(ReflectionUtils.java:49) ~[AutoSaveWorld.jar:?]
	at autosaveworld.features.save.AutoSaveThread.dumpRegionCache(AutoSaveThread.java:135) [AutoSaveWorld.jar:?]
	at autosaveworld.features.save.AutoSaveThread.performSave(AutoSaveThread.java:122) [AutoSaveWorld.jar:?]
	at autosaveworld.features.save.AutoSaveThread.doTask(AutoSaveThread.java:70) [AutoSaveWorld.jar:?]
	at autosaveworld.utils.Threads$IntervalTaskThread.run(Threads.java:103) [AutoSaveWorld.jar:?]
[06:48:05] [AutoSaveWorld AutoSaveThread/ERROR]: [AutoSaveWorld] Could not dump RegionFileCache
java.lang.RuntimeException: Can't find method saveLevel with params length 0
	at autosaveworld.utils.ReflectionUtils.getMethod(ReflectionUtils.java:49) ~[AutoSaveWorld.jar:?]
	at autosaveworld.features.save.AutoSaveThread.dumpRegionCache(AutoSaveThread.java:135) [AutoSaveWorld.jar:?]
	at autosaveworld.features.save.AutoSaveThread.performSave(AutoSaveThread.java:122) [AutoSaveWorld.jar:?]
	at autosaveworld.features.save.AutoSaveThread.doTask(AutoSaveThread.java:70) [AutoSaveWorld.jar:?]
	at autosaveworld.utils.Threads$IntervalTaskThread.run(Threads.java:103) [AutoSaveWorld.jar:?]
[06:48:05] [AutoSaveWorld AutoSaveThread/INFO]: [0;34;1mAutoSave Complete[m
[07:03:06] [AutoSaveWorld AutoSaveThread/INFO]: [0;34;1mAutoSaving[m
[07:03:06] [AutoSaveWorld AutoSaveThread/ERROR]: [AutoSaveWorld] Could not dump RegionFileCache
java.lang.RuntimeException: Can't find method saveLevel with params length 0
	at autosaveworld.utils.ReflectionUtils.getMethod(ReflectionUtils.java:49) ~[AutoSaveWorld.jar:?]
	at autosaveworld.features.save.AutoSaveThread.dumpRegionCache(AutoSaveThread.java:135) [AutoSaveWorld.jar:?]
	at autosaveworld.features.save.AutoSaveThread.performSave(AutoSaveThread.java:122) [AutoSaveWorld.jar:?]
	at autosaveworld.features.save.AutoSaveThread.doTask(AutoSaveThread.java:70) [AutoSaveWorld.jar:?]
	at autosaveworld.utils.Threads$IntervalTaskThread.run(Threads.java:103) [AutoSaveWorld.jar:?]
[07:03:06] [AutoSaveWorld AutoSaveThread/ERROR]: [AutoSaveWorld] Could not dump RegionFileCache
java.lang.RuntimeException: Can't find method saveLevel with params length 0
	at autosaveworld.utils.ReflectionUtils.getMethod(ReflectionUtils.java:49) ~[AutoSaveWorld.jar:?]
	at autosaveworld.features.save.AutoSaveThread.dumpRegionCache(AutoSaveThread.java:135) [AutoSaveWorld.jar:?]
	at autosaveworld.features.save.AutoSaveThread.performSave(AutoSaveThread.java:122) [AutoSaveWorld.jar:?]
	at autosaveworld.features.save.AutoSaveThread.doTask(AutoSaveThread.java:70) [AutoSaveWorld.jar:?]
	at autosaveworld.utils.Threads$IntervalTaskThread.run(Threads.java:103) [AutoSaveWorld.jar:?]
[07:03:06] [AutoSaveWorld AutoSaveThread/ERROR]: [AutoSaveWorld] Could not dump RegionFileCache
java.lang.RuntimeException: Can't find method saveLevel with params length 0
	at autosaveworld.utils.ReflectionUtils.getMethod(ReflectionUtils.java:49) ~[AutoSaveWorld.jar:?]
	at autosaveworld.features.save.AutoSaveThread.dumpRegionCache(AutoSaveThread.java:135) [AutoSaveWorld.jar:?]
	at autosaveworld.features.save.AutoSaveThread.performSave(AutoSaveThread.java:122) [AutoSaveWorld.jar:?]
	at autosaveworld.features.save.AutoSaveThread.doTask(AutoSaveThread.java:70) [AutoSaveWorld.jar:?]
	at autosaveworld.utils.Threads$IntervalTaskThread.run(Threads.java:103) [AutoSaveWorld.jar:?]
[07:03:06] [AutoSaveWorld AutoSaveThread/INFO]: [0;34;1mAutoSave Complete[m
[07:18:08] [AutoSaveWorld AutoSaveThread/INFO]: [0;34;1mAutoSaving[m
[07:18:08] [AutoSaveWorld AutoSaveThread/ERROR]: [AutoSaveWorld] Could not dump RegionFileCache
java.lang.RuntimeException: Can't find method saveLevel with params length 0
	at autosaveworld.utils.ReflectionUtils.getMethod(ReflectionUtils.java:49) ~[AutoSaveWorld.jar:?]
	at autosaveworld.features.save.AutoSaveThread.dumpRegionCache(AutoSaveThread.java:135) [AutoSaveWorld.jar:?]
	at autosaveworld.features.save.AutoSaveThread.performSave(AutoSaveThread.java:122) [AutoSaveWorld.jar:?]
	at autosaveworld.features.save.AutoSaveThread.doTask(AutoSaveThread.java:70) [AutoSaveWorld.jar:?]
	at autosaveworld.utils.Threads$IntervalTaskThread.run(Threads.java:103) [AutoSaveWorld.jar:?]
[07:18:08] [AutoSaveWorld AutoSaveThread/ERROR]: [AutoSaveWorld] Could not dump RegionFileCache
java.lang.RuntimeException: Can't find method saveLevel with params length 0
	at autosaveworld.utils.ReflectionUtils.getMethod(ReflectionUtils.java:49) ~[AutoSaveWorld.jar:?]
	at autosaveworld.features.save.AutoSaveThread.dumpRegionCache(AutoSaveThread.java:135) [AutoSaveWorld.jar:?]
	at autosaveworld.features.save.AutoSaveThread.performSave(AutoSaveThread.java:122) [AutoSaveWorld.jar:?]
	at autosaveworld.features.save.AutoSaveThread.doTask(AutoSaveThread.java:70) [AutoSaveWorld.jar:?]
	at autosaveworld.utils.Threads$IntervalTaskThread.run(Threads.java:103) [AutoSaveWorld.jar:?]
[07:18:08] [AutoSaveWorld AutoSaveThread/ERROR]: [AutoSaveWorld] Could not dump RegionFileCache
java.lang.RuntimeException: Can't find method saveLevel with params length 0
	at autosaveworld.utils.ReflectionUtils.getMethod(ReflectionUtils.java:49) ~[AutoSaveWorld.jar:?]
	at autosaveworld.features.save.AutoSaveThread.dumpRegionCache(AutoSaveThread.java:135) [AutoSaveWorld.jar:?]
	at autosaveworld.features.save.AutoSaveThread.performSave(AutoSaveThread.java:122) [AutoSaveWorld.jar:?]
	at autosaveworld.features.save.AutoSaveThread.doTask(AutoSaveThread.java:70) [AutoSaveWorld.jar:?]
	at autosaveworld.utils.Threads$IntervalTaskThread.run(Threads.java:103) [AutoSaveWorld.jar:?]
[07:18:08] [AutoSaveWorld AutoSaveThread/INFO]: [0;34;1mAutoSave Complete[m
[07:33:09] [AutoSaveWorld AutoSaveThread/INFO]: [0;34;1mAutoSaving[m
[07:33:10] [AutoSaveWorld AutoSaveThread/ERROR]: [AutoSaveWorld] Could not dump RegionFileCache
java.lang.RuntimeException: Can't find method saveLevel with params length 0
	at autosaveworld.utils.ReflectionUtils.getMethod(ReflectionUtils.java:49) ~[AutoSaveWorld.jar:?]
	at autosaveworld.features.save.AutoSaveThread.dumpRegionCache(AutoSaveThread.java:135) [AutoSaveWorld.jar:?]
	at autosaveworld.features.save.AutoSaveThread.performSave(AutoSaveThread.java:122) [AutoSaveWorld.jar:?]
	at autosaveworld.features.save.AutoSaveThread.doTask(AutoSaveThread.java:70) [AutoSaveWorld.jar:?]
	at autosaveworld.utils.Threads$IntervalTaskThread.run(Threads.java:103) [AutoSaveWorld.jar:?]
[07:33:10] [AutoSaveWorld AutoSaveThread/ERROR]: [AutoSaveWorld] Could not dump RegionFileCache
java.lang.RuntimeException: Can't find method saveLevel with params length 0
	at autosaveworld.utils.ReflectionUtils.getMethod(ReflectionUtils.java:49) ~[AutoSaveWorld.jar:?]
	at autosaveworld.features.save.AutoSaveThread.dumpRegionCache(AutoSaveThread.java:135) [AutoSaveWorld.jar:?]
	at autosaveworld.features.save.AutoSaveThread.performSave(AutoSaveThread.java:122) [AutoSaveWorld.jar:?]
	at autosaveworld.features.save.AutoSaveThread.doTask(AutoSaveThread.java:70) [AutoSaveWorld.jar:?]
	at autosaveworld.utils.Threads$IntervalTaskThread.run(Threads.java:103) [AutoSaveWorld.jar:?]
[07:33:10] [AutoSaveWorld AutoSaveThread/ERROR]: [AutoSaveWorld] Could not dump RegionFileCache
java.lang.RuntimeException: Can't find method saveLevel with params length 0
	at autosaveworld.utils.ReflectionUtils.getMethod(ReflectionUtils.java:49) ~[AutoSaveWorld.jar:?]
	at autosaveworld.features.save.AutoSaveThread.dumpRegionCache(AutoSaveThread.java:135) [AutoSaveWorld.jar:?]
	at autosaveworld.features.save.AutoSaveThread.performSave(AutoSaveThread.java:122) [AutoSaveWorld.jar:?]
	at autosaveworld.features.save.AutoSaveThread.doTask(AutoSaveThread.java:70) [AutoSaveWorld.jar:?]
	at autosaveworld.utils.Threads$IntervalTaskThread.run(Threads.java:103) [AutoSaveWorld.jar:?]
[07:33:10] [AutoSaveWorld AutoSaveThread/INFO]: [0;34;1mAutoSave Complete[m
[07:48:11] [AutoSaveWorld AutoSaveThread/INFO]: [0;34;1mAutoSaving[m
[07:48:11] [AutoSaveWorld AutoSaveThread/ERROR]: [AutoSaveWorld] Could not dump RegionFileCache
java.lang.RuntimeException: Can't find method saveLevel with params length 0
	at autosaveworld.utils.ReflectionUtils.getMethod(ReflectionUtils.java:49) ~[AutoSaveWorld.jar:?]
	at autosaveworld.features.save.AutoSaveThread.dumpRegionCache(AutoSaveThread.java:135) [AutoSaveWorld.jar:?]
	at autosaveworld.features.save.AutoSaveThread.performSave(AutoSaveThread.java:122) [AutoSaveWorld.jar:?]
	at autosaveworld.features.save.AutoSaveThread.doTask(AutoSaveThread.java:70) [AutoSaveWorld.jar:?]
	at autosaveworld.utils.Threads$IntervalTaskThread.run(Threads.java:103) [AutoSaveWorld.jar:?]
[07:48:11] [AutoSaveWorld AutoSaveThread/ERROR]: [AutoSaveWorld] Could not dump RegionFileCache
java.lang.RuntimeException: Can't find method saveLevel with params length 0
	at autosaveworld.utils.ReflectionUtils.getMethod(ReflectionUtils.java:49) ~[AutoSaveWorld.jar:?]
	at autosaveworld.features.save.AutoSaveThread.dumpRegionCache(AutoSaveThread.java:135) [AutoSaveWorld.jar:?]
	at autosaveworld.features.save.AutoSaveThread.performSave(AutoSaveThread.java:122) [AutoSaveWorld.jar:?]
	at autosaveworld.features.save.AutoSaveThread.doTask(AutoSaveThread.java:70) [AutoSaveWorld.jar:?]
	at autosaveworld.utils.Threads$IntervalTaskThread.run(Threads.java:103) [AutoSaveWorld.jar:?]
[07:48:11] [AutoSaveWorld AutoSaveThread/ERROR]: [AutoSaveWorld] Could not dump RegionFileCache
java.lang.RuntimeException: Can't find method saveLevel with params length 0
	at autosaveworld.utils.ReflectionUtils.getMethod(ReflectionUtils.java:49) ~[AutoSaveWorld.jar:?]
	at autosaveworld.features.save.AutoSaveThread.dumpRegionCache(AutoSaveThread.java:135) [AutoSaveWorld.jar:?]
	at autosaveworld.features.save.AutoSaveThread.performSave(AutoSaveThread.java:122) [AutoSaveWorld.jar:?]
	at autosaveworld.features.save.AutoSaveThread.doTask(AutoSaveThread.java:70) [AutoSaveWorld.jar:?]
	at autosaveworld.utils.Threads$IntervalTaskThread.run(Threads.java:103) [AutoSaveWorld.jar:?]
[07:48:11] [AutoSaveWorld AutoSaveThread/INFO]: [0;34;1mAutoSave Complete[m
[08:03:13] [AutoSaveWorld AutoSaveThread/INFO]: [0;34;1mAutoSaving[m
[08:03:13] [AutoSaveWorld AutoSaveThread/ERROR]: [AutoSaveWorld] Could not dump RegionFileCache
java.lang.RuntimeException: Can't find method saveLevel with params length 0
	at autosaveworld.utils.ReflectionUtils.getMethod(ReflectionUtils.java:49) ~[AutoSaveWorld.jar:?]
	at autosaveworld.features.save.AutoSaveThread.dumpRegionCache(AutoSaveThread.java:135) [AutoSaveWorld.jar:?]
	at autosaveworld.features.save.AutoSaveThread.performSave(AutoSaveThread.java:122) [AutoSaveWorld.jar:?]
	at autosaveworld.features.save.AutoSaveThread.doTask(AutoSaveThread.java:70) [AutoSaveWorld.jar:?]
	at autosaveworld.utils.Threads$IntervalTaskThread.run(Threads.java:103) [AutoSaveWorld.jar:?]
[08:03:13] [AutoSaveWorld AutoSaveThread/ERROR]: [AutoSaveWorld] Could not dump RegionFileCache
java.lang.RuntimeException: Can't find method saveLevel with params length 0
	at autosaveworld.utils.ReflectionUtils.getMethod(ReflectionUtils.java:49) ~[AutoSaveWorld.jar:?]
	at autosaveworld.features.save.AutoSaveThread.dumpRegionCache(AutoSaveThread.java:135) [AutoSaveWorld.jar:?]
	at autosaveworld.features.save.AutoSaveThread.performSave(AutoSaveThread.java:122) [AutoSaveWorld.jar:?]
	at autosaveworld.features.save.AutoSaveThread.doTask(AutoSaveThread.java:70) [AutoSaveWorld.jar:?]
	at autosaveworld.utils.Threads$IntervalTaskThread.run(Threads.java:103) [AutoSaveWorld.jar:?]
[08:03:13] [AutoSaveWorld AutoSaveThread/ERROR]: [AutoSaveWorld] Could not dump RegionFileCache
java.lang.RuntimeException: Can't find method saveLevel with params length 0
	at autosaveworld.utils.ReflectionUtils.getMethod(ReflectionUtils.java:49) ~[AutoSaveWorld.jar:?]
	at autosaveworld.features.save.AutoSaveThread.dumpRegionCache(AutoSaveThread.java:135) [AutoSaveWorld.jar:?]
	at autosaveworld.features.save.AutoSaveThread.performSave(AutoSaveThread.java:122) [AutoSaveWorld.jar:?]
	at autosaveworld.features.save.AutoSaveThread.doTask(AutoSaveThread.java:70) [AutoSaveWorld.jar:?]
	at autosaveworld.utils.Threads$IntervalTaskThread.run(Threads.java:103) [AutoSaveWorld.jar:?]
[08:03:13] [AutoSaveWorld AutoSaveThread/INFO]: [0;34;1mAutoSave Complete[m
[08:18:14] [AutoSaveWorld AutoSaveThread/INFO]: [0;34;1mAutoSaving[m
[08:18:15] [AutoSaveWorld AutoSaveThread/ERROR]: [AutoSaveWorld] Could not dump RegionFileCache
java.lang.RuntimeException: Can't find method saveLevel with params length 0
	at autosaveworld.utils.ReflectionUtils.getMethod(ReflectionUtils.java:49) ~[AutoSaveWorld.jar:?]
	at autosaveworld.features.save.AutoSaveThread.dumpRegionCache(AutoSaveThread.java:135) [AutoSaveWorld.jar:?]
	at autosaveworld.features.save.AutoSaveThread.performSave(AutoSaveThread.java:122) [AutoSaveWorld.jar:?]
	at autosaveworld.features.save.AutoSaveThread.doTask(AutoSaveThread.java:70) [AutoSaveWorld.jar:?]
	at autosaveworld.utils.Threads$IntervalTaskThread.run(Threads.java:103) [AutoSaveWorld.jar:?]
[08:18:15] [AutoSaveWorld AutoSaveThread/ERROR]: [AutoSaveWorld] Could not dump RegionFileCache
java.lang.RuntimeException: Can't find method saveLevel with params length 0
	at autosaveworld.utils.ReflectionUtils.getMethod(ReflectionUtils.java:49) ~[AutoSaveWorld.jar:?]
	at autosaveworld.features.save.AutoSaveThread.dumpRegionCache(AutoSaveThread.java:135) [AutoSaveWorld.jar:?]
	at autosaveworld.features.save.AutoSaveThread.performSave(AutoSaveThread.java:122) [AutoSaveWorld.jar:?]
	at autosaveworld.features.save.AutoSaveThread.doTask(AutoSaveThread.java:70) [AutoSaveWorld.jar:?]
	at autosaveworld.utils.Threads$IntervalTaskThread.run(Threads.java:103) [AutoSaveWorld.jar:?]
[08:18:15] [AutoSaveWorld AutoSaveThread/ERROR]: [AutoSaveWorld] Could not dump RegionFileCache
java.lang.RuntimeException: Can't find method saveLevel with params length 0
	at autosaveworld.utils.ReflectionUtils.getMethod(ReflectionUtils.java:49) ~[AutoSaveWorld.jar:?]
	at autosaveworld.features.save.AutoSaveThread.dumpRegionCache(AutoSaveThread.java:135) [AutoSaveWorld.jar:?]
	at autosaveworld.features.save.AutoSaveThread.performSave(AutoSaveThread.java:122) [AutoSaveWorld.jar:?]
	at autosaveworld.features.save.AutoSaveThread.doTask(AutoSaveThread.java:70) [AutoSaveWorld.jar:?]
	at autosaveworld.utils.Threads$IntervalTaskThread.run(Threads.java:103) [AutoSaveWorld.jar:?]
[08:18:15] [AutoSaveWorld AutoSaveThread/INFO]: [0;34;1mAutoSave Complete[m
[08:33:16] [AutoSaveWorld AutoSaveThread/INFO]: [0;34;1mAutoSaving[m
[08:33:17] [AutoSaveWorld AutoSaveThread/ERROR]: [AutoSaveWorld] Could not dump RegionFileCache
java.lang.RuntimeException: Can't find method saveLevel with params length 0
	at autosaveworld.utils.ReflectionUtils.getMethod(ReflectionUtils.java:49) ~[AutoSaveWorld.jar:?]
	at autosaveworld.features.save.AutoSaveThread.dumpRegionCache(AutoSaveThread.java:135) [AutoSaveWorld.jar:?]
	at autosaveworld.features.save.AutoSaveThread.performSave(AutoSaveThread.java:122) [AutoSaveWorld.jar:?]
	at autosaveworld.features.save.AutoSaveThread.doTask(AutoSaveThread.java:70) [AutoSaveWorld.jar:?]
	at autosaveworld.utils.Threads$IntervalTaskThread.run(Threads.java:103) [AutoSaveWorld.jar:?]
[08:33:17] [AutoSaveWorld AutoSaveThread/ERROR]: [AutoSaveWorld] Could not dump RegionFileCache
java.lang.RuntimeException: Can't find method saveLevel with params length 0
	at autosaveworld.utils.ReflectionUtils.getMethod(ReflectionUtils.java:49) ~[AutoSaveWorld.jar:?]
	at autosaveworld.features.save.AutoSaveThread.dumpRegionCache(AutoSaveThread.java:135) [AutoSaveWorld.jar:?]
	at autosaveworld.features.save.AutoSaveThread.performSave(AutoSaveThread.java:122) [AutoSaveWorld.jar:?]
	at autosaveworld.features.save.AutoSaveThread.doTask(AutoSaveThread.java:70) [AutoSaveWorld.jar:?]
	at autosaveworld.utils.Threads$IntervalTaskThread.run(Threads.java:103) [AutoSaveWorld.jar:?]
[08:33:17] [AutoSaveWorld AutoSaveThread/ERROR]: [AutoSaveWorld] Could not dump RegionFileCache
java.lang.RuntimeException: Can't find method saveLevel with params length 0
	at autosaveworld.utils.ReflectionUtils.getMethod(ReflectionUtils.java:49) ~[AutoSaveWorld.jar:?]
	at autosaveworld.features.save.AutoSaveThread.dumpRegionCache(AutoSaveThread.java:135) [AutoSaveWorld.jar:?]
	at autosaveworld.features.save.AutoSaveThread.performSave(AutoSaveThread.java:122) [AutoSaveWorld.jar:?]
	at autosaveworld.features.save.AutoSaveThread.doTask(AutoSaveThread.java:70) [AutoSaveWorld.jar:?]
	at autosaveworld.utils.Threads$IntervalTaskThread.run(Threads.java:103) [AutoSaveWorld.jar:?]
[08:33:17] [AutoSaveWorld AutoSaveThread/INFO]: [0;34;1mAutoSave Complete[m
[08:48:18] [AutoSaveWorld AutoSaveThread/INFO]: [0;34;1mAutoSaving[m
[08:48:18] [AutoSaveWorld AutoSaveThread/ERROR]: [AutoSaveWorld] Could not dump RegionFileCache
java.lang.RuntimeException: Can't find method saveLevel with params length 0
	at autosaveworld.utils.ReflectionUtils.getMethod(ReflectionUtils.java:49) ~[AutoSaveWorld.jar:?]
	at autosaveworld.features.save.AutoSaveThread.dumpRegionCache(AutoSaveThread.java:135) [AutoSaveWorld.jar:?]
	at autosaveworld.features.save.AutoSaveThread.performSave(AutoSaveThread.java:122) [AutoSaveWorld.jar:?]
	at autosaveworld.features.save.AutoSaveThread.doTask(AutoSaveThread.java:70) [AutoSaveWorld.jar:?]
	at autosaveworld.utils.Threads$IntervalTaskThread.run(Threads.java:103) [AutoSaveWorld.jar:?]
[08:48:18] [AutoSaveWorld AutoSaveThread/ERROR]: [AutoSaveWorld] Could not dump RegionFileCache
java.lang.RuntimeException: Can't find method saveLevel with params length 0
	at autosaveworld.utils.ReflectionUtils.getMethod(ReflectionUtils.java:49) ~[AutoSaveWorld.jar:?]
	at autosaveworld.features.save.AutoSaveThread.dumpRegionCache(AutoSaveThread.java:135) [AutoSaveWorld.jar:?]
	at autosaveworld.features.save.AutoSaveThread.performSave(AutoSaveThread.java:122) [AutoSaveWorld.jar:?]
	at autosaveworld.features.save.AutoSaveThread.doTask(AutoSaveThread.java:70) [AutoSaveWorld.jar:?]
	at autosaveworld.utils.Threads$IntervalTaskThread.run(Threads.java:103) [AutoSaveWorld.jar:?]
[08:48:18] [AutoSaveWorld AutoSaveThread/ERROR]: [AutoSaveWorld] Could not dump RegionFileCache
java.lang.RuntimeException: Can't find method saveLevel with params length 0
	at autosaveworld.utils.ReflectionUtils.getMethod(ReflectionUtils.java:49) ~[AutoSaveWorld.jar:?]
	at autosaveworld.features.save.AutoSaveThread.dumpRegionCache(AutoSaveThread.java:135) [AutoSaveWorld.jar:?]
	at autosaveworld.features.save.AutoSaveThread.performSave(AutoSaveThread.java:122) [AutoSaveWorld.jar:?]
	at autosaveworld.features.save.AutoSaveThread.doTask(AutoSaveThread.java:70) [AutoSaveWorld.jar:?]
	at autosaveworld.utils.Threads$IntervalTaskThread.run(Threads.java:103) [AutoSaveWorld.jar:?]
[08:48:18] [AutoSaveWorld AutoSaveThread/INFO]: [0;34;1mAutoSave Complete[m
